#
# A fatal error has been detected by the Java Runtime Environment:
#
#  EXCEPTION_ACCESS_VIOLATION (0xc0000005) at pc=0x00007ffa5d3a2f58, pid=29748, tid=10780
#
# JRE version: Java(TM) SE Runtime Environment (22.0.1+8) (build 22.0.1+8-16)
# Java VM: Java HotSpot(TM) 64-Bit Server VM (22.0.1+8-16, mixed mode, sharing, tiered, compressed oops, compressed class ptrs, g1 gc, windows-amd64)
# Problematic frame:
# C  [msvcp140.dll+0x12f58]
#
# No core dump will be written. Minidumps are not enabled by default on client versions of Windows
#
# If you would like to submit a bug report, please visit:
#   https://bugreport.java.com/bugreport/crash.jsp
# The crash happened outside the Java Virtual Machine in native code.
# See problematic frame for where to report the bug.
#

---------------  S U M M A R Y ------------

Command Line: -javaagent:D:\CODE\Java\IDEA\IntelliJ IDEA 2023.1\lib\idea_rt.jar=52154:D:\CODE\Java\IDEA\IntelliJ IDEA 2023.1\bin -Dfile.encoding=UTF-8 -Dsun.stdout.encoding=UTF-8 -Dsun.stderr.encoding=UTF-8 com.example.lazarus_backend00.HelloGDAL

Host: 12th Gen Intel(R) Core(TM) i9-12900H, 20 cores, 31G,  Windows 11 , 64 bit Build 26100 (10.0.26100.7019)
Time: Tue Dec  2 22:20:25 2025  Windows 11 , 64 bit Build 26100 (10.0.26100.7019) elapsed time: 0.225278 seconds (0d 0h 0m 0s)

---------------  T H R E A D  ---------------

Current thread (0x00000287dddc0950):  JavaThread "main"             [_thread_in_native, id=10780, stack(0x0000008be0b00000,0x0000008be0c00000) (1024K)]

Stack: [0x0000008be0b00000,0x0000008be0c00000],  sp=0x0000008be0bff190,  free space=1020k
Native frames: (J=compiled Java code, j=interpreted, Vv=VM code, C=native code)
C  [msvcp140.dll+0x12f58]  (no source info available)
C  [gdal.dll+0x373671]  (no source info available)
C  [gdal.dll+0xc7ea84]  (no source info available)
C  [gdal.dll+0x77596a]  (no source info available)
C  0x00000287ed54cfc7  (no source info available)

The last pc belongs to native method entry point (kind = native) (printed below).
Java frames: (J=compiled Java code, j=interpreted, Vv=VM code)
j  org.gdal.gdal.gdalJNI.AllRegister()V+0
j  org.gdal.gdal.gdal.AllRegister()V+0
j  com.example.lazarus_backend00.HelloGDAL.<clinit>()V+0
v  ~StubRoutines::call_stub 0x00000287ed54100d

siginfo: EXCEPTION_ACCESS_VIOLATION (0xc0000005), reading address 0x0000000000000000


Registers:
RAX=0x0000000000000000, RBX=0x00000287c47f47e0, RCX=0x00000287c47f47e8, RDX=0x0000000000000000
RSP=0x0000008be0bff190, RBP=0x00007ff9ae5b4458, RSI=0x00000287c47f47e0, RDI=0x00000287c47f46f0
R8 =0x00007ff9ae5b4458, R9 =0x00007ff9ae5bfa0d, R10=0x00007ffaa6890000, R11=0x0000008be0bff200
R12=0x0000000000000000, R13=0x00000287c44e78c0, R14=0x0000000000000000, R15=0x00000287c47f4828
RIP=0x00007ffa5d3a2f58, EFLAGS=0x0000000000010282


Register to memory mapping:

RAX=0x0 is null
RBX=0x00000287c47f47e0 points into unknown readable memory: 0x0000000000000002 | 02 00 00 00 00 00 00 00
RCX=0x00000287c47f47e8 points into unknown readable memory: 0x0000000000000000 | 00 00 00 00 00 00 00 00
RDX=0x0 is null
RSP=0x0000008be0bff190 is pointing into the stack for thread: 0x00000287dddc0950
RBP=0x00007ff9ae5b4458 gdal.dll
RSI=0x00000287c47f47e0 points into unknown readable memory: 0x0000000000000002 | 02 00 00 00 00 00 00 00
RDI=0x00000287c47f46f0 points into unknown readable memory: 0x00007ff9ae66e8f8 | f8 e8 66 ae f9 7f 00 00
R8 =0x00007ff9ae5b4458 gdal.dll
R9 =0x00007ff9ae5bfa0d gdal.dll
R10=0x00007ffaa6890000 ucrtbase.dll
R11=0x0000008be0bff200 is pointing into the stack for thread: 0x00000287dddc0950
R12=0x0 is null
R13=0x00000287c44e78c0 points into unknown readable memory: 0x00007ff9ae85c3e0 | e0 c3 85 ae f9 7f 00 00
R14=0x0 is null
R15=0x00000287c47f4828 points into unknown readable memory: 0x00000000ffffffff | ff ff ff ff 00 00 00 00

Top of Stack: (sp=0x0000008be0bff190)
0x0000008be0bff190:   00000287c484fc00 00007ff9ae5b4638
0x0000008be0bff1a0:   00007ff9ae5b4458 00000287c484f980
0x0000008be0bff1b0:   0000000000000003 000000000000000f
0x0000008be0bff1c0:   000009cbb5b78f7d 0000000000000000
0x0000008be0bff1d0:   0000000000000000 0000008be0bff3d0
0x0000008be0bff1e0:   00000287c47f46f0 00007ff9ad933671
0x0000008be0bff1f0:   0000000000000000 0000008be0bff3d0
0x0000008be0bff200:   00000287c47f47e0 00007ff9ae65d7a8
0x0000008be0bff210:   00000287c47f46f0 00007ff9ae23ea84
0x0000008be0bff220:   00000287c47f47e0 00000287c44e78c0
0x0000008be0bff230:   0000008be0bff2b9 0000008be0bff7b0
0x0000008be0bff240:   00007ff9000001f0 00007ff900000000
0x0000008be0bff250:   0000008be0bff300 00007ff900000000
0x0000008be0bff260:   0000028700000000 00007ff9ae5b4638
0x0000008be0bff270:   00000287c44e78c0 00000287c484f980
0x0000008be0bff280:   00000287c484fc00 00007ff9ae274701
0x0000008be0bff290:   0000000000000000 00000287c4810ac0
0x0000008be0bff2a0:   00007ff9ae85c420 00000287000001f0
0x0000008be0bff2b0:   0000000000000000 00007ff9ae238377
0x0000008be0bff2c0:   0000000000000100 000000000000000f
0x0000008be0bff2d0:   0000f62ee6bb9020 0000008be0bff3d0
0x0000008be0bff2e0:   00000287dddc0950 0000008be0bff3d0
0x0000008be0bff2f0:   00000287c54400d8 0000000000000000
0x0000008be0bff300:   0000008be0bff7b8 0000008be0bff7b0
0x0000008be0bff310:   0000008be0bff3b8 00007ff9add3596a
0x0000008be0bff320:   00000287c44e78c0 0000008be0bff7b0
0x0000008be0bff330:   00000287c44e78c0 0000008be0bff7b8
0x0000008be0bff340:   00000287c54400d8 00000287ed54cfc7
0x0000008be0bff350:   0000008be0bff7b0 00007ff9afaa6eab
0x0000008be0bff360:   00000287c5414690 00000287ed54cc5b
0x0000008be0bff370:   fffffffffffffff7 00000287c54400d8
0x0000008be0bff380:   0000000000000003 00000287c5444b68 

Instructions: (pc=0x00007ffa5d3a2f58)
0x00007ffa5d3a2e58:   cc cc cc cc cc cc cc cc 40 53 48 83 ec 30 48 8d
0x00007ffa5d3a2e68:   41 08 4d 8b c8 4c 8b c2 48 89 44 24 28 83 64 24
0x00007ffa5d3a2e78:   20 00 48 8b d9 33 d2 33 c9 ff 15 31 36 04 00 48
0x00007ffa5d3a2e88:   89 03 48 f7 d8 1b c0 f7 d0 83 e0 04 48 83 c4 30
0x00007ffa5d3a2e98:   5b c3 cc cc cc cc cc cc 48 ff 25 59 33 04 00 cc
0x00007ffa5d3a2ea8:   cc cc cc cc cc cc cc cc 48 83 c1 08 48 ff 25 95
0x00007ffa5d3a2eb8:   31 04 00 cc 48 89 5c 24 18 48 89 74 24 20 57 41
0x00007ffa5d3a2ec8:   56 41 57 48 83 ec 40 48 8b 05 82 14 07 00 48 33
0x00007ffa5d3a2ed8:   c4 48 89 44 24 30 8b 01 4c 8b f2 0f ba f0 08 48
0x00007ffa5d3a2ee8:   8b f1 83 f8 01 75 4a ff 15 03 33 04 00 39 46 48
0x00007ffa5d3a2ef8:   74 19 48 8d 4e 08 48 8b 01 48 8b 00 ff 15 a6 37
0x00007ffa5d3a2f08:   04 00 ff 15 e8 32 04 00 89 46 48 ff 46 4c 33 c0
0x00007ffa5d3a2f18:   48 8b 4c 24 30 48 33 cc e8 3b fd 03 00 48 8b 5c
0x00007ffa5d3a2f28:   24 70 48 8b 74 24 78 48 83 c4 40 41 5f 41 5e 5f
0x00007ffa5d3a2f38:   c3 4d 85 f6 75 28 4c 8d 79 48 ff 15 b0 32 04 00
0x00007ffa5d3a2f48:   41 39 07 0f 84 ad 00 00 00 48 8d 4e 08 48 8b 01
0x00007ffa5d3a2f58:   48 8b 00 ff 15 4f 37 04 00 e9 98 00 00 00 48 83
0x00007ffa5d3a2f68:   3a 00 7c 6e 75 06 83 7a 08 00 7e 66 ba 01 00 00
0x00007ffa5d3a2f78:   00 48 8d 4c 24 20 e8 ed 08 00 00 48 8b 44 24 20
0x00007ffa5d3a2f88:   49 3b 06 7c 14 0f 85 b3 00 00 00 41 8b 46 08 39
0x00007ffa5d3a2f98:   44 24 28 0f 8d a5 00 00 00 4c 8d 7e 48 ff 15 4d
0x00007ffa5d3a2fa8:   32 04 00 41 39 07 74 4e 48 8b 46 08 48 8d 54 24
0x00007ffa5d3a2fb8:   20 49 8b ce 48 8b 58 10 e8 ab 07 00 00 8b d0 48
0x00007ffa5d3a2fc8:   8d 4e 08 48 8b c3 ff 15 dc 36 04 00 84 c0 74 9c
0x00007ffa5d3a2fd8:   eb 24 4c 8d 79 48 ff 15 14 32 04 00 41 39 07 74
0x00007ffa5d3a2fe8:   15 48 8d 4e 08 48 8b 01 48 8b 40 08 ff 15 b6 36
0x00007ffa5d3a2ff8:   04 00 84 c0 74 48 8b 4e 4c 33 db bf 02 01 00 00
0x00007ffa5d3a3008:   8d 41 01 89 46 4c 83 f8 01 7e 0f f7 06 00 01 00
0x00007ffa5d3a3018:   00 75 10 89 4e 4c 8b df eb 09 ff 15 d0 31 04 00
0x00007ffa5d3a3028:   41 89 07 85 db 0f 84 e3 fe ff ff 3b df 74 0a b8
0x00007ffa5d3a3038:   04 00 00 00 e9 d7 fe ff ff 4d 85 f6 74 20 49 83
0x00007ffa5d3a3048:   3e 00 75 10 41 8b 46 08 f7 d8 1b c0 83 c0 03 e9 


Stack slot to memory mapping:

stack at sp + 0 slots: 0x00000287c484fc00 points into unknown readable memory: 0x00000287c484f980 | 80 f9 84 c4 87 02 00 00
stack at sp + 1 slots: 0x00007ff9ae5b4638 gdal.dll
stack at sp + 2 slots: 0x00007ff9ae5b4458 gdal.dll
stack at sp + 3 slots: 0x00000287c484f980 points into unknown readable memory: 0x00000287c484fc00 | 00 fc 84 c4 87 02 00 00
stack at sp + 4 slots: 0x0000000000000003 is an unknown value
stack at sp + 5 slots: 0x000000000000000f is an unknown value
stack at sp + 6 slots: 0x000009cbb5b78f7d is an unknown value
stack at sp + 7 slots: 0x0 is null

native method entry point (kind = native)  [0x00000287ed54cba0, 0x00000287ed54d6c0]  2848 bytes
[MachCode]
  0x00000287ed54cba0: 488b 4b08 | 0fb7 492e | 584c 8d74 | ccf8 6800 | 0000 0068 | 0000 0000 | 5055 488b | ec41 5568 
  0x00000287ed54cbc0: 0000 0000 | 4c8b 6b08 | 4d8d 6d38 | 5348 8b53 | 0848 8b52 | 0848 8b52 | 1848 8b52 | 7048 8b12 
  0x00000287ed54cbe0: 5248 8b53 | 1048 85d2 | 0f84 0700 | 0000 4881 | c210 0100 | 0052 488b | 5308 488b | 5208 488b 
  0x00000287ed54cc00: 5210 5249 | 8bc6 482b | c548 c1e8 | 0350 6800 | 0000 0068 | f7ff ffff | 41c6 8781 | 0400 0001 
  0x00000287ed54cc20: 488b 4310 | 4885 c074 | 208b 88cc | 0000 0083 | c102 8988 | cc00 0000 | 2388 e000 | 0000 0f84 
  0x00000287ed54cc40: cb09 0000 | e9cf 0000 | 0048 8b43 | 1848 85c0 | 0f85 b000 | 0000 e805 | 0000 00e9 | 9900 0000 
  0x00000287ed54cc60: 488b d348 | 8d44 2408 | 4c89 6dc0 | 498b cfc5 | f877 4989 | afb0 0300 | 0049 8987 | a003 0000 
  0x00000287ed54cc80: 4883 ec20 | 40f6 c40f | 0f84 1900 | 0000 4883 | ec08 48b8 | a0a3 7eaf | f97f 0000 | ffd0 4883 
  0x00000287ed54cca0: c408 e90c | 0000 0048 | b8a0 a37e | aff9 7f00 | 00ff d048 | 83c4 2049 | c787 a003 | 0000 0000 
  0x00000287ed54ccc0: 0000 49c7 | 87b0 0300 | 0000 0000 | 0049 c787 | a803 0000 | 0000 0000 | c5f8 7749 | 837f 0800 
  0x00000287ed54cce0: 0f84 0500 | 0000 e915 | 42ff ff4c | 8b6d c04c | 8b75 c84e | 8d74 f500 | c348 8b43 | 1848 85c0 
  0x00000287ed54cd00: 0f84 1200 | 0000 8b48 | 0883 c102 | 8948 0823 | 481c 0f84 | f708 0000 | 493b a7f0 | 0400 000f 
  0x00000287ed54cd20: 8748 0000 | 0089 8424 | 00f0 ffff | 8984 2400 | e0ff ff89 | 8424 00d0 | ffff 8984 | 2400 c0ff 
  0x00000287ed54cd40: ff89 8424 | 00b0 ffff | 8984 2400 | a0ff ff89 | 8424 0090 | ffff 8984 | 2400 80ff | ff49 3ba7 
  0x00000287ed54cd60: e804 0000 | 7607 4989 | a7f0 0400 | 0041 c687 | 8104 0000 | 0049 ba9c | 3005 b0f9 | 7f00 0041 
  0x00000287ed54cd80: 803a 000f | 843e 0000 | 0048 8b55 | e849 8bcf | 4883 ec20 | 40f6 c40f | 0f84 1900 | 0000 4883 
  0x00000287ed54cda0: ec08 48b8 | 40b5 b5af | f97f 0000 | ffd0 4883 | c408 e90c | 0000 0048 | b840 b5b5 | aff9 7f00 
  0x00000287ed54cdc0: 00ff d048 | 83c4 2048 | 8b5d e84c | 8b5b 0845 | 0fb7 5b2e | 41c1 e303 | 492b e348 | 83ec 2048 
  0x00000287ed54cde0: 83e4 f04c | 8b5b 604d | 85db 0f85 | ab00 0000 | e805 0000 | 00e9 9900 | 0000 488b | d348 8d44 
  0x00000287ed54ce00: 2408 4c89 | 6dc0 498b | cfc5 f877 | 4989 afb0 | 0300 0049 | 8987 a003 | 0000 4883 | ec20 40f6 
  0x00000287ed54ce20: c40f 0f84 | 1900 0000 | 4883 ec08 | 48b8 c0ca | 7eaf f97f | 0000 ffd0 | 4883 c408 | e90c 0000 
  0x00000287ed54ce40: 0048 b8c0 | ca7e aff9 | 7f00 00ff | d048 83c4 | 2049 c787 | a003 0000 | 0000 0000 | 49c7 87b0 
  0x00000287ed54ce60: 0300 0000 | 0000 0049 | c787 a803 | 0000 0000 | 0000 c5f8 | 7749 837f | 0800 0f84 | 0500 0000 
  0x00000287ed54ce80: e97b 40ff | ff4c 8b6d | c04c 8b75 | c84e 8d74 | f500 c348 | 8b5d e84c | 8b5b 6041 | ffd3 488b 
  0x00000287ed54cea0: 5de8 4889 | 4518 448b | 5b28 41f6 | c308 0f84 | 1b00 0000 | 4c8b 5b08 | 4d8b 5b08 | 4d8b 5b18 
  0x00000287ed54cec0: 4d8b 5b70 | 4d8b 1b4c | 895d 1048 | 8d55 1048 | 8b43 5849 | ba40 0cb6 | aff9 7f00 | 0049 3bc2 
  0x00000287ed54cee0: 0f85 ab00 | 0000 e805 | 0000 00e9 | 9900 0000 | 488b d348 | 8d44 2408 | 4c89 6dc0 | 498b cfc5 
  0x00000287ed54cf00: f877 4989 | afb0 0300 | 0049 8987 | a003 0000 | 4883 ec20 | 40f6 c40f | 0f84 1900 | 0000 4883 
  0x00000287ed54cf20: ec08 48b8 | c0ca 7eaf | f97f 0000 | ffd0 4883 | c408 e90c | 0000 0048 | b8c0 ca7e | aff9 7f00 
  0x00000287ed54cf40: 00ff d048 | 83c4 2049 | c787 a003 | 0000 0000 | 0000 49c7 | 87b0 0300 | 0000 0000 | 0049 c787 
  0x00000287ed54cf60: a803 0000 | 0000 0000 | c5f8 7749 | 837f 0800 | 0f84 0500 | 0000 e985 | 3fff ff4c | 8b6d c04c 
  0x00000287ed54cf80: 8b75 c84e | 8d74 f500 | c348 8b5d | e848 8b43 | 5849 8d8f | c003 0000 | c5f8 7749 | 89af b003 
  0x00000287ed54cfa0: 0000 49ba | 98cf 54ed | 8702 0000 | 4d89 97a8 | 0300 0049 | 89a7 a003 | 0000 41c7 | 8754 0400 
  0x00000287ed54cfc0: 0004 0000 | 00ff d0c5 | f877 4883 | ec10 c5fb | 1104 2448 | 83ec 1048 | 8904 2448 | c744 2408 
  0x00000287ed54cfe0: 0000 0000 | 41c7 8754 | 0400 0005 | 0000 00f0 | 8344 24c0 | 0049 3baf | 5804 0000 | 0f87 0e00 
  0x00000287ed54d000: 0000 4183 | bf50 0400 | 0000 0f84 | 2000 0000 | 498b cf4c | 8be4 4883 | ec20 4883 | e4f0 48b8 
  0x00000287ed54d020: d01e 80af | f97f 0000 | ffd0 498b | e44d 33e4 | 41c7 8754 | 0400 0008 | 0000 0049 | c787 a003 
  0x00000287ed54d040: 0000 0000 | 0000 49c7 | 87b0 0300 | 0000 0000 | 0049 c787 | a803 0000 | 0000 0000 | c5f8 774d 
  0x00000287ed54d060: 8b9f 3004 | 0000 41c7 | 8300 0100 | 0000 0000 | 0049 bb1a | a554 ed87 | 0200 004c | 3b5d 180f 
  0x00000287ed54d080: 8524 0200 | 0048 8b04 | 2448 83c4 | 1048 85c0 | 0f84 fe01 | 0000 a803 | 0f85 0800 | 0000 488b 
  0x00000287ed54d0a0: 00e9 ee01 | 0000 a801 | 0f85 0900 | 0000 488b | 40fe e9dd | 0100 0048 | 8b40 ff41 | 807f 3800 
  0x00000287ed54d0c0: 0f84 ce01 | 0000 4883 | f800 0f84 | c401 0000 | 4d8b 5f28 | 4983 fb00 | 0f84 1400 | 0000 4983 
  0x00000287ed54d0e0: eb08 4d89 | 5f28 4d03 | 5f30 4989 | 03e9 a201 | 0000 4881 | ecd0 0000 | 0048 8904 | 2448 894c 
  0x00000287ed54d100: 2408 4889 | 5424 1048 | 8974 2418 | 4889 7c24 | 204c 8944 | 2428 4c89 | 4c24 304c | 8954 2438 
  0x00000287ed54d120: 4c89 5c24 | 40c5 fb11 | 4424 50c5 | fb11 4c24 | 58c5 fb11 | 5424 60c5 | fb11 5c24 | 68c5 fb11 
  0x00000287ed54d140: 6424 70c5 | fb11 6c24 | 78c5 fb11 | b424 8000 | 0000 c5fb | 11bc 2488 | 0000 00c5 | 7b11 8424 
  0x00000287ed54d160: 9000 0000 | c57b 118c | 2498 0000 | 00c5 7b11 | 9424 a000 | 0000 c57b | 119c 24a8 | 0000 00c5 
  0x00000287ed54d180: 7b11 a424 | b000 0000 | c57b 11ac | 24b8 0000 | 00c5 7b11 | b424 c000 | 0000 c57b | 11bc 24c8 
  0x00000287ed54d1a0: 0000 0049 | 8bd7 488b | c848 83ec | 2040 f6c4 | 0f0f 8419 | 0000 0048 | 83ec 0848 | b8e0 3e73 
  0x00000287ed54d1c0: aff9 7f00 | 00ff d048 | 83c4 08e9 | 0c00 0000 | 48b8 e03e | 73af f97f | 0000 ffd0 | 4883 c420 
  0x00000287ed54d1e0: c57b 10bc | 24c8 0000 | 00c5 7b10 | b424 c000 | 0000 c57b | 10ac 24b8 | 0000 00c5 | 7b10 a424 
  0x00000287ed54d200: b000 0000 | c57b 109c | 24a8 0000 | 00c5 7b10 | 9424 a000 | 0000 c57b | 108c 2498 | 0000 00c5 
  0x00000287ed54d220: 7b10 8424 | 9000 0000 | c5fb 10bc | 2488 0000 | 00c5 fb10 | b424 8000 | 0000 c5fb | 106c 2478 
  0x00000287ed54d240: c5fb 1064 | 2470 c5fb | 105c 2468 | c5fb 1054 | 2460 c5fb | 104c 2458 | c5fb 1044 | 2450 4c8b 
  0x00000287ed54d260: 5c24 404c | 8b54 2438 | 4c8b 4c24 | 304c 8b44 | 2428 488b | 7c24 2048 | 8b74 2418 | 488b 5424 
  0x00000287ed54d280: 1048 8b4c | 2408 488b | 0424 4881 | c4d0 0000 | 00c5 f877 | 4889 4510 | 4883 ec10 | 4889 0424 
  0x00000287ed54d2a0: 48c7 4424 | 0800 0000 | 0041 83bf | d004 0000 | 020f 85bf | 0000 0048 | 81ec 8000 | 0000 4889 
  0x00000287ed54d2c0: 4424 7848 | 894c 2470 | 4889 5424 | 6848 895c | 2460 4889 | 6c24 5048 | 8974 2448 | 4889 7c24 
  0x00000287ed54d2e0: 404c 8944 | 2438 4c89 | 4c24 304c | 8954 2428 | 4c89 5c24 | 204c 8964 | 2418 4c89 | 6c24 104c 
  0x00000287ed54d300: 8974 2408 | 4c89 3c24 | 4c8b e448 | 83ec 2048 | 83e4 f048 | b890 edb5 | aff9 7f00 | 00ff d049 
  0x00000287ed54d320: 8be4 4c8b | 3c24 4c8b | 7424 084c | 8b6c 2410 | 4c8b 6424 | 184c 8b5c | 2420 4c8b | 5424 284c 
  0x00000287ed54d340: 8b4c 2430 | 4c8b 4424 | 3848 8b7c | 2440 488b | 7424 4848 | 8b6c 2450 | 488b 5c24 | 6048 8b54 
  0x00000287ed54d360: 2468 488b | 4c24 7048 | 8b44 2478 | 4881 c480 | 0000 004d | 33e4 488b | 5de8 4c8b | 6b08 4d8d 
  0x00000287ed54d380: 6d38 4983 | 7f08 000f | 84bb 0000 | 00e8 0500 | 0000 e996 | 0000 0048 | 8d44 2408 | 4c89 6dc0 
  0x00000287ed54d3a0: 498b cfc5 | f877 4989 | afb0 0300 | 0049 8987 | a003 0000 | 4883 ec20 | 40f6 c40f | 0f84 1900 
  0x00000287ed54d3c0: 0000 4883 | ec08 48b8 | 00e9 7eaf | f97f 0000 | ffd0 4883 | c408 e90c | 0000 0048 | b800 e97e 
  0x00000287ed54d3e0: aff9 7f00 | 00ff d048 | 83c4 2049 | c787 a003 | 0000 0000 | 0000 49c7 | 87b0 0300 | 0000 0000 
  0x00000287ed54d400: 0049 c787 | a803 0000 | 0000 0000 | c5f8 7749 | 837f 0800 | 0f84 0500 | 0000 e9e1 | 3aff ff4c 
  0x00000287ed54d420: 8b6d c04c | 8b75 c84e | 8d74 f500 | c348 b9c0 | 18dd aff9 | 7f00 0048 | 83e4 f048 | b8c0 94a4 
  0x00000287ed54d440: aff9 7f00 | 00ff d0f4 | 448b 5b28 | 41f6 c320 | 0f84 4401 | 0000 488d | 55a8 4c8b | 5a08 4d85 
  0x00000287ed54d460: db0f 85bb | 0000 00e8 | 0500 0000 | e996 0000 | 0048 8d44 | 2408 4c89 | 6dc0 498b | cfc5 f877 
  0x00000287ed54d480: 4989 afb0 | 0300 0049 | 8987 a003 | 0000 4883 | ec20 40f6 | c40f 0f84 | 1900 0000 | 4883 ec08 
  0x00000287ed54d4a0: 48b8 30e8 | 7eaf f97f | 0000 ffd0 | 4883 c408 | e90c 0000 | 0048 b830 | e87e aff9 | 7f00 00ff 
  0x00000287ed54d4c0: d048 83c4 | 2049 c787 | a003 0000 | 0000 0000 | 49c7 87b0 | 0300 0000 | 0000 0049 | c787 a803 
  0x00000287ed54d4e0: 0000 0000 | 0000 c5f8 | 7749 837f | 0800 0f84 | 0500 0000 | e907 3aff | ff4c 8b6d | c04c 8b75 
  0x00000287ed54d500: c84e 8d74 | f500 c348 | b9c0 18dd | aff9 7f00 | 0048 83e4 | f048 b8c0 | 94a4 aff9 | 7f00 00ff 
  0x00000287ed54d520: d0f4 4c89 | 6dc0 488d | 024c 8b4a | 0848 c742 | 0800 0000 | 004c 8b00 | 4d85 c00f | 840b 0000 
  0x00000287ed54d540: 00f0 4d0f | b101 0f85 | 0c00 0000 | 49ff 8f58 | 0500 00e9 | 3e00 0000 | 4c89 4a08 | 488b ca48 
  0x00000287ed54d560: 83ec 2040 | f6c4 0f0f | 8419 0000 | 0048 83ec | 0848 b8c0 | ba7e aff9 | 7f00 00ff | d048 83c4 
  0x00000287ed54d580: 08e9 0c00 | 0000 48b8 | c0ba 7eaf | f97f 0000 | ffd0 4883 | c420 4c8b | 6dc0 49ba | 9c30 05b0 
  0x00000287ed54d5a0: f97f 0000 | 4180 3a00 | 0f84 3e00 | 0000 488b | 55e8 498b | cf48 83ec | 2040 f6c4 | 0f0f 8419 
  0x00000287ed54d5c0: 0000 0048 | 83ec 0848 | b840 b5b5 | aff9 7f00 | 00ff d048 | 83c4 08e9 | 0c00 0000 | 48b8 40b5 
  0x00000287ed54d5e0: b5af f97f | 0000 ffd0 | 4883 c420 | 488b 0424 | 4883 c410 | c5fb 1004 | 2448 83c4 | 104c 8b5d 
  0x00000287ed54d600: 1841 ffd3 | 4c8b 5df8 | c95f 498b | e3ff e7ba | 0000 0000 | e805 0000 | 00e9 9600 | 0000 488d 
  0x00000287ed54d620: 4424 084c | 896d c049 | 8bcf c5f8 | 7749 89af | b003 0000 | 4989 87a0 | 0300 0048 | 83ec 2040 
  0x00000287ed54d640: f6c4 0f0f | 8419 0000 | 0048 83ec | 0848 b880 | ae7e aff9 | 7f00 00ff | d048 83c4 | 08e9 0c00 
  0x00000287ed54d660: 0000 48b8 | 80ae 7eaf | f97f 0000 | ffd0 4883 | c420 49c7 | 87a0 0300 | 0000 0000 | 0049 c787 
  0x00000287ed54d680: b003 0000 | 0000 0000 | 49c7 87a8 | 0300 0000 | 0000 00c5 | f877 4983 | 7f08 000f | 8405 0000 
  0x00000287ed54d6a0: 00e9 5a38 | ffff 4c8b | 6dc0 4c8b | 75c8 4e8d | 74f5 00c3 | 488b 5de8 | e95b f6ff | ff66 6690 
[/MachCode]

---------------  P R O C E S S  ---------------

Threads class SMR info:
_java_thread_list=0x00000287c471b620, length=15, elements={
0x00000287dddc0950, 0x00000287ffceb4c0, 0x00000287ffcf2040, 0x00000287ffcf4ab0,
0x00000287ffcf5510, 0x00000287ffcf60a0, 0x00000287ffcf6c30, 0x00000287ffd00660,
0x00000287ffd06250, 0x00000287ffd06920, 0x00000287c41dbb50, 0x00000287ffd032a0,
0x00000287ffd03970, 0x00000287c471ba50, 0x00000287c471c0c0
}

Java Threads: ( => current thread )
=>0x00000287dddc0950 JavaThread "main"                              [_thread_in_native, id=10780, stack(0x0000008be0b00000,0x0000008be0c00000) (1024K)]
  0x00000287ffceb4c0 JavaThread "Reference Handler"          daemon [_thread_blocked, id=29512, stack(0x0000008be1300000,0x0000008be1400000) (1024K)]
  0x00000287ffcf2040 JavaThread "Finalizer"                  daemon [_thread_blocked, id=27880, stack(0x0000008be1400000,0x0000008be1500000) (1024K)]
  0x00000287ffcf4ab0 JavaThread "Signal Dispatcher"          daemon [_thread_blocked, id=26016, stack(0x0000008be1500000,0x0000008be1600000) (1024K)]
  0x00000287ffcf5510 JavaThread "Attach Listener"            daemon [_thread_blocked, id=29092, stack(0x0000008be1600000,0x0000008be1700000) (1024K)]
  0x00000287ffcf60a0 JavaThread "Service Thread"             daemon [_thread_blocked, id=25568, stack(0x0000008be1700000,0x0000008be1800000) (1024K)]
  0x00000287ffcf6c30 JavaThread "Monitor Deflation Thread"   daemon [_thread_blocked, id=30032, stack(0x0000008be1800000,0x0000008be1900000) (1024K)]
  0x00000287ffd00660 JavaThread "C2 CompilerThread0"         daemon [_thread_blocked, id=6036, stack(0x0000008be1900000,0x0000008be1a00000) (1024K)]
  0x00000287ffd06250 JavaThread "C1 CompilerThread0"         daemon [_thread_blocked, id=21172, stack(0x0000008be1a00000,0x0000008be1b00000) (1024K)]
  0x00000287ffd06920 JavaThread "C1 CompilerThread1"         daemon [_thread_blocked, id=7620, stack(0x0000008be1b00000,0x0000008be1c00000) (1024K)]
  0x00000287c41dbb50 JavaThread "Common-Cleaner"             daemon [_thread_blocked, id=30376, stack(0x0000008be1c00000,0x0000008be1d00000) (1024K)]
  0x00000287ffd032a0 JavaThread "C2 CompilerThread1"         daemon [_thread_blocked, id=16464, stack(0x0000008be1d00000,0x0000008be1e00000) (1024K)]
  0x00000287ffd03970 JavaThread "C1 CompilerThread2"         daemon [_thread_blocked, id=9808, stack(0x0000008be1e00000,0x0000008be1f00000) (1024K)]
  0x00000287c471ba50 JavaThread "Monitor Ctrl-Break"         daemon [_thread_in_native, id=30628, stack(0x0000008be1f00000,0x0000008be2000000) (1024K)]
  0x00000287c471c0c0 JavaThread "Notification Thread"        daemon [_thread_blocked, id=27952, stack(0x0000008be2000000,0x0000008be2100000) (1024K)]
Total: 15

Other Threads:
  0x00000287ffccdd50 VMThread "VM Thread"                           [id=3296, stack(0x0000008be1200000,0x0000008be1300000) (1024K)]
  0x00000287ffcba9f0 WatcherThread "VM Periodic Task Thread"        [id=28708, stack(0x0000008be1100000,0x0000008be1200000) (1024K)]
  0x00000287dde29310 WorkerThread "GC Thread#0"                     [id=20388, stack(0x0000008be0c00000,0x0000008be0d00000) (1024K)]
  0x00000287dde39f90 ConcurrentGCThread "G1 Main Marker"            [id=28192, stack(0x0000008be0d00000,0x0000008be0e00000) (1024K)]
  0x00000287dde3aaa0 WorkerThread "G1 Conc#0"                       [id=5456, stack(0x0000008be0e00000,0x0000008be0f00000) (1024K)]
  0x00000287ffc03450 ConcurrentGCThread "G1 Refine#0"               [id=13252, stack(0x0000008be0f00000,0x0000008be1000000) (1024K)]
  0x00000287ffc04c90 ConcurrentGCThread "G1 Service"                [id=30408, stack(0x0000008be1000000,0x0000008be1100000) (1024K)]
Total: 7

Threads with active compile tasks:
Total: 0

VM state: not at safepoint (normal execution)

VM Mutex/Monitor currently owned by a thread: None

Heap address: 0x0000000605000000, size: 8112 MB, Compressed Oops mode: Zero based, Oop shift amount: 3

CDS archive(s) mapped at: [0x0000028783000000-0x0000028783c60000-0x0000028783c60000), size 12976128, SharedBaseAddress: 0x0000028783000000, ArchiveRelocationMode: 1.
Compressed class space mapped at: 0x0000028784000000-0x00000287c4000000, reserved size: 1073741824
Narrow klass base: 0x0000028783000000, Narrow klass shift: 0, Narrow klass range: 0x41000000

GC Precious Log:
 CardTable entry size: 512
 Card Set container configuration: InlinePtr #cards 4 size 8 Array Of Cards #cards 32 size 80 Howl #buckets 8 coarsen threshold 7372 Howl Bitmap #cards 1024 size 144 coarsen threshold 921 Card regions per heap region 1 cards per card region 8192
 CPUs: 20 total, 20 available
 Memory: 32433M
 Large Page Support: Disabled
 NUMA Support: Disabled
 Compressed Oops: Enabled (Zero based)
 Heap Region Size: 4M
 Heap Min Capacity: 8M
 Heap Initial Capacity: 508M
 Heap Max Capacity: 8112M
 Pre-touch: Disabled
 Parallel Workers: 15
 Concurrent Workers: 4
 Concurrent Refinement Workers: 15
 Periodic GC: Disabled

Heap:
 garbage-first heap   total reserved 8306688K, committed 520192K, used 4096K [0x0000000605000000, 0x0000000800000000)
  region size 4096K, 3 young (12288K), 0 survivors (0K)
 Metaspace       used 1192K, committed 1344K, reserved 1114112K
  class space    used 69K, committed 128K, reserved 1048576K

Heap Regions: E=young(eden), S=young(survivor), O=old, HS=humongous(starts), HC=humongous(continues), CS=collection set, F=free, TAMS=top-at-mark-start, PB=parsable bottom
|   0|0x0000000605000000, 0x0000000605000000, 0x0000000605400000|  0%| F|  |TAMS 0x0000000605000000| PB 0x0000000605000000| Untracked |  0
|   1|0x0000000605400000, 0x0000000605400000, 0x0000000605800000|  0%| F|  |TAMS 0x0000000605400000| PB 0x0000000605400000| Untracked |  0
|   2|0x0000000605800000, 0x0000000605800000, 0x0000000605c00000|  0%| F|  |TAMS 0x0000000605800000| PB 0x0000000605800000| Untracked |  0
|   3|0x0000000605c00000, 0x0000000605c00000, 0x0000000606000000|  0%| F|  |TAMS 0x0000000605c00000| PB 0x0000000605c00000| Untracked |  0
|   4|0x0000000606000000, 0x0000000606000000, 0x0000000606400000|  0%| F|  |TAMS 0x0000000606000000| PB 0x0000000606000000| Untracked |  0
|   5|0x0000000606400000, 0x0000000606400000, 0x0000000606800000|  0%| F|  |TAMS 0x0000000606400000| PB 0x0000000606400000| Untracked |  0
|   6|0x0000000606800000, 0x0000000606800000, 0x0000000606c00000|  0%| F|  |TAMS 0x0000000606800000| PB 0x0000000606800000| Untracked |  0
|   7|0x0000000606c00000, 0x0000000606c00000, 0x0000000607000000|  0%| F|  |TAMS 0x0000000606c00000| PB 0x0000000606c00000| Untracked |  0
|   8|0x0000000607000000, 0x0000000607000000, 0x0000000607400000|  0%| F|  |TAMS 0x0000000607000000| PB 0x0000000607000000| Untracked |  0
|   9|0x0000000607400000, 0x0000000607400000, 0x0000000607800000|  0%| F|  |TAMS 0x0000000607400000| PB 0x0000000607400000| Untracked |  0
|  10|0x0000000607800000, 0x0000000607800000, 0x0000000607c00000|  0%| F|  |TAMS 0x0000000607800000| PB 0x0000000607800000| Untracked |  0
|  11|0x0000000607c00000, 0x0000000607c00000, 0x0000000608000000|  0%| F|  |TAMS 0x0000000607c00000| PB 0x0000000607c00000| Untracked |  0
|  12|0x0000000608000000, 0x0000000608000000, 0x0000000608400000|  0%| F|  |TAMS 0x0000000608000000| PB 0x0000000608000000| Untracked |  0
|  13|0x0000000608400000, 0x0000000608400000, 0x0000000608800000|  0%| F|  |TAMS 0x0000000608400000| PB 0x0000000608400000| Untracked |  0
|  14|0x0000000608800000, 0x0000000608800000, 0x0000000608c00000|  0%| F|  |TAMS 0x0000000608800000| PB 0x0000000608800000| Untracked |  0
|  15|0x0000000608c00000, 0x0000000608c00000, 0x0000000609000000|  0%| F|  |TAMS 0x0000000608c00000| PB 0x0000000608c00000| Untracked |  0
|  16|0x0000000609000000, 0x0000000609000000, 0x0000000609400000|  0%| F|  |TAMS 0x0000000609000000| PB 0x0000000609000000| Untracked |  0
|  17|0x0000000609400000, 0x0000000609400000, 0x0000000609800000|  0%| F|  |TAMS 0x0000000609400000| PB 0x0000000609400000| Untracked |  0
|  18|0x0000000609800000, 0x0000000609800000, 0x0000000609c00000|  0%| F|  |TAMS 0x0000000609800000| PB 0x0000000609800000| Untracked |  0
|  19|0x0000000609c00000, 0x0000000609c00000, 0x000000060a000000|  0%| F|  |TAMS 0x0000000609c00000| PB 0x0000000609c00000| Untracked |  0
|  20|0x000000060a000000, 0x000000060a000000, 0x000000060a400000|  0%| F|  |TAMS 0x000000060a000000| PB 0x000000060a000000| Untracked |  0
|  21|0x000000060a400000, 0x000000060a400000, 0x000000060a800000|  0%| F|  |TAMS 0x000000060a400000| PB 0x000000060a400000| Untracked |  0
|  22|0x000000060a800000, 0x000000060a800000, 0x000000060ac00000|  0%| F|  |TAMS 0x000000060a800000| PB 0x000000060a800000| Untracked |  0
|  23|0x000000060ac00000, 0x000000060ac00000, 0x000000060b000000|  0%| F|  |TAMS 0x000000060ac00000| PB 0x000000060ac00000| Untracked |  0
|  24|0x000000060b000000, 0x000000060b000000, 0x000000060b400000|  0%| F|  |TAMS 0x000000060b000000| PB 0x000000060b000000| Untracked |  0
|  25|0x000000060b400000, 0x000000060b400000, 0x000000060b800000|  0%| F|  |TAMS 0x000000060b400000| PB 0x000000060b400000| Untracked |  0
|  26|0x000000060b800000, 0x000000060b800000, 0x000000060bc00000|  0%| F|  |TAMS 0x000000060b800000| PB 0x000000060b800000| Untracked |  0
|  27|0x000000060bc00000, 0x000000060bc00000, 0x000000060c000000|  0%| F|  |TAMS 0x000000060bc00000| PB 0x000000060bc00000| Untracked |  0
|  28|0x000000060c000000, 0x000000060c000000, 0x000000060c400000|  0%| F|  |TAMS 0x000000060c000000| PB 0x000000060c000000| Untracked |  0
|  29|0x000000060c400000, 0x000000060c400000, 0x000000060c800000|  0%| F|  |TAMS 0x000000060c400000| PB 0x000000060c400000| Untracked |  0
|  30|0x000000060c800000, 0x000000060c800000, 0x000000060cc00000|  0%| F|  |TAMS 0x000000060c800000| PB 0x000000060c800000| Untracked |  0
|  31|0x000000060cc00000, 0x000000060cc00000, 0x000000060d000000|  0%| F|  |TAMS 0x000000060cc00000| PB 0x000000060cc00000| Untracked |  0
|  32|0x000000060d000000, 0x000000060d000000, 0x000000060d400000|  0%| F|  |TAMS 0x000000060d000000| PB 0x000000060d000000| Untracked |  0
|  33|0x000000060d400000, 0x000000060d400000, 0x000000060d800000|  0%| F|  |TAMS 0x000000060d400000| PB 0x000000060d400000| Untracked |  0
|  34|0x000000060d800000, 0x000000060d800000, 0x000000060dc00000|  0%| F|  |TAMS 0x000000060d800000| PB 0x000000060d800000| Untracked |  0
|  35|0x000000060dc00000, 0x000000060dc00000, 0x000000060e000000|  0%| F|  |TAMS 0x000000060dc00000| PB 0x000000060dc00000| Untracked |  0
|  36|0x000000060e000000, 0x000000060e000000, 0x000000060e400000|  0%| F|  |TAMS 0x000000060e000000| PB 0x000000060e000000| Untracked |  0
|  37|0x000000060e400000, 0x000000060e400000, 0x000000060e800000|  0%| F|  |TAMS 0x000000060e400000| PB 0x000000060e400000| Untracked |  0
|  38|0x000000060e800000, 0x000000060e800000, 0x000000060ec00000|  0%| F|  |TAMS 0x000000060e800000| PB 0x000000060e800000| Untracked |  0
|  39|0x000000060ec00000, 0x000000060ec00000, 0x000000060f000000|  0%| F|  |TAMS 0x000000060ec00000| PB 0x000000060ec00000| Untracked |  0
|  40|0x000000060f000000, 0x000000060f000000, 0x000000060f400000|  0%| F|  |TAMS 0x000000060f000000| PB 0x000000060f000000| Untracked |  0
|  41|0x000000060f400000, 0x000000060f400000, 0x000000060f800000|  0%| F|  |TAMS 0x000000060f400000| PB 0x000000060f400000| Untracked |  0
|  42|0x000000060f800000, 0x000000060f800000, 0x000000060fc00000|  0%| F|  |TAMS 0x000000060f800000| PB 0x000000060f800000| Untracked |  0
|  43|0x000000060fc00000, 0x000000060fc00000, 0x0000000610000000|  0%| F|  |TAMS 0x000000060fc00000| PB 0x000000060fc00000| Untracked |  0
|  44|0x0000000610000000, 0x0000000610000000, 0x0000000610400000|  0%| F|  |TAMS 0x0000000610000000| PB 0x0000000610000000| Untracked |  0
|  45|0x0000000610400000, 0x0000000610400000, 0x0000000610800000|  0%| F|  |TAMS 0x0000000610400000| PB 0x0000000610400000| Untracked |  0
|  46|0x0000000610800000, 0x0000000610800000, 0x0000000610c00000|  0%| F|  |TAMS 0x0000000610800000| PB 0x0000000610800000| Untracked |  0
|  47|0x0000000610c00000, 0x0000000610c00000, 0x0000000611000000|  0%| F|  |TAMS 0x0000000610c00000| PB 0x0000000610c00000| Untracked |  0
|  48|0x0000000611000000, 0x0000000611000000, 0x0000000611400000|  0%| F|  |TAMS 0x0000000611000000| PB 0x0000000611000000| Untracked |  0
|  49|0x0000000611400000, 0x0000000611400000, 0x0000000611800000|  0%| F|  |TAMS 0x0000000611400000| PB 0x0000000611400000| Untracked |  0
|  50|0x0000000611800000, 0x0000000611800000, 0x0000000611c00000|  0%| F|  |TAMS 0x0000000611800000| PB 0x0000000611800000| Untracked |  0
|  51|0x0000000611c00000, 0x0000000611c00000, 0x0000000612000000|  0%| F|  |TAMS 0x0000000611c00000| PB 0x0000000611c00000| Untracked |  0
|  52|0x0000000612000000, 0x0000000612000000, 0x0000000612400000|  0%| F|  |TAMS 0x0000000612000000| PB 0x0000000612000000| Untracked |  0
|  53|0x0000000612400000, 0x0000000612400000, 0x0000000612800000|  0%| F|  |TAMS 0x0000000612400000| PB 0x0000000612400000| Untracked |  0
|  54|0x0000000612800000, 0x0000000612800000, 0x0000000612c00000|  0%| F|  |TAMS 0x0000000612800000| PB 0x0000000612800000| Untracked |  0
|  55|0x0000000612c00000, 0x0000000612c00000, 0x0000000613000000|  0%| F|  |TAMS 0x0000000612c00000| PB 0x0000000612c00000| Untracked |  0
|  56|0x0000000613000000, 0x0000000613000000, 0x0000000613400000|  0%| F|  |TAMS 0x0000000613000000| PB 0x0000000613000000| Untracked |  0
|  57|0x0000000613400000, 0x0000000613400000, 0x0000000613800000|  0%| F|  |TAMS 0x0000000613400000| PB 0x0000000613400000| Untracked |  0
|  58|0x0000000613800000, 0x0000000613800000, 0x0000000613c00000|  0%| F|  |TAMS 0x0000000613800000| PB 0x0000000613800000| Untracked |  0
|  59|0x0000000613c00000, 0x0000000613c00000, 0x0000000614000000|  0%| F|  |TAMS 0x0000000613c00000| PB 0x0000000613c00000| Untracked |  0
|  60|0x0000000614000000, 0x0000000614000000, 0x0000000614400000|  0%| F|  |TAMS 0x0000000614000000| PB 0x0000000614000000| Untracked |  0
|  61|0x0000000614400000, 0x0000000614400000, 0x0000000614800000|  0%| F|  |TAMS 0x0000000614400000| PB 0x0000000614400000| Untracked |  0
|  62|0x0000000614800000, 0x0000000614800000, 0x0000000614c00000|  0%| F|  |TAMS 0x0000000614800000| PB 0x0000000614800000| Untracked |  0
|  63|0x0000000614c00000, 0x0000000614c00000, 0x0000000615000000|  0%| F|  |TAMS 0x0000000614c00000| PB 0x0000000614c00000| Untracked |  0
|  64|0x0000000615000000, 0x0000000615000000, 0x0000000615400000|  0%| F|  |TAMS 0x0000000615000000| PB 0x0000000615000000| Untracked |  0
|  65|0x0000000615400000, 0x0000000615400000, 0x0000000615800000|  0%| F|  |TAMS 0x0000000615400000| PB 0x0000000615400000| Untracked |  0
|  66|0x0000000615800000, 0x0000000615800000, 0x0000000615c00000|  0%| F|  |TAMS 0x0000000615800000| PB 0x0000000615800000| Untracked |  0
|  67|0x0000000615c00000, 0x0000000615c00000, 0x0000000616000000|  0%| F|  |TAMS 0x0000000615c00000| PB 0x0000000615c00000| Untracked |  0
|  68|0x0000000616000000, 0x0000000616000000, 0x0000000616400000|  0%| F|  |TAMS 0x0000000616000000| PB 0x0000000616000000| Untracked |  0
|  69|0x0000000616400000, 0x0000000616400000, 0x0000000616800000|  0%| F|  |TAMS 0x0000000616400000| PB 0x0000000616400000| Untracked |  0
|  70|0x0000000616800000, 0x0000000616800000, 0x0000000616c00000|  0%| F|  |TAMS 0x0000000616800000| PB 0x0000000616800000| Untracked |  0
|  71|0x0000000616c00000, 0x0000000616c00000, 0x0000000617000000|  0%| F|  |TAMS 0x0000000616c00000| PB 0x0000000616c00000| Untracked |  0
|  72|0x0000000617000000, 0x0000000617000000, 0x0000000617400000|  0%| F|  |TAMS 0x0000000617000000| PB 0x0000000617000000| Untracked |  0
|  73|0x0000000617400000, 0x0000000617400000, 0x0000000617800000|  0%| F|  |TAMS 0x0000000617400000| PB 0x0000000617400000| Untracked |  0
|  74|0x0000000617800000, 0x0000000617800000, 0x0000000617c00000|  0%| F|  |TAMS 0x0000000617800000| PB 0x0000000617800000| Untracked |  0
|  75|0x0000000617c00000, 0x0000000617c00000, 0x0000000618000000|  0%| F|  |TAMS 0x0000000617c00000| PB 0x0000000617c00000| Untracked |  0
|  76|0x0000000618000000, 0x0000000618000000, 0x0000000618400000|  0%| F|  |TAMS 0x0000000618000000| PB 0x0000000618000000| Untracked |  0
|  77|0x0000000618400000, 0x0000000618400000, 0x0000000618800000|  0%| F|  |TAMS 0x0000000618400000| PB 0x0000000618400000| Untracked |  0
|  78|0x0000000618800000, 0x0000000618800000, 0x0000000618c00000|  0%| F|  |TAMS 0x0000000618800000| PB 0x0000000618800000| Untracked |  0
|  79|0x0000000618c00000, 0x0000000618c00000, 0x0000000619000000|  0%| F|  |TAMS 0x0000000618c00000| PB 0x0000000618c00000| Untracked |  0
|  80|0x0000000619000000, 0x0000000619000000, 0x0000000619400000|  0%| F|  |TAMS 0x0000000619000000| PB 0x0000000619000000| Untracked |  0
|  81|0x0000000619400000, 0x0000000619400000, 0x0000000619800000|  0%| F|  |TAMS 0x0000000619400000| PB 0x0000000619400000| Untracked |  0
|  82|0x0000000619800000, 0x0000000619800000, 0x0000000619c00000|  0%| F|  |TAMS 0x0000000619800000| PB 0x0000000619800000| Untracked |  0
|  83|0x0000000619c00000, 0x0000000619c00000, 0x000000061a000000|  0%| F|  |TAMS 0x0000000619c00000| PB 0x0000000619c00000| Untracked |  0
|  84|0x000000061a000000, 0x000000061a000000, 0x000000061a400000|  0%| F|  |TAMS 0x000000061a000000| PB 0x000000061a000000| Untracked |  0
|  85|0x000000061a400000, 0x000000061a400000, 0x000000061a800000|  0%| F|  |TAMS 0x000000061a400000| PB 0x000000061a400000| Untracked |  0
|  86|0x000000061a800000, 0x000000061a800000, 0x000000061ac00000|  0%| F|  |TAMS 0x000000061a800000| PB 0x000000061a800000| Untracked |  0
|  87|0x000000061ac00000, 0x000000061ac00000, 0x000000061b000000|  0%| F|  |TAMS 0x000000061ac00000| PB 0x000000061ac00000| Untracked |  0
|  88|0x000000061b000000, 0x000000061b000000, 0x000000061b400000|  0%| F|  |TAMS 0x000000061b000000| PB 0x000000061b000000| Untracked |  0
|  89|0x000000061b400000, 0x000000061b400000, 0x000000061b800000|  0%| F|  |TAMS 0x000000061b400000| PB 0x000000061b400000| Untracked |  0
|  90|0x000000061b800000, 0x000000061b800000, 0x000000061bc00000|  0%| F|  |TAMS 0x000000061b800000| PB 0x000000061b800000| Untracked |  0
|  91|0x000000061bc00000, 0x000000061bc00000, 0x000000061c000000|  0%| F|  |TAMS 0x000000061bc00000| PB 0x000000061bc00000| Untracked |  0
|  92|0x000000061c000000, 0x000000061c000000, 0x000000061c400000|  0%| F|  |TAMS 0x000000061c000000| PB 0x000000061c000000| Untracked |  0
|  93|0x000000061c400000, 0x000000061c400000, 0x000000061c800000|  0%| F|  |TAMS 0x000000061c400000| PB 0x000000061c400000| Untracked |  0
|  94|0x000000061c800000, 0x000000061c800000, 0x000000061cc00000|  0%| F|  |TAMS 0x000000061c800000| PB 0x000000061c800000| Untracked |  0
|  95|0x000000061cc00000, 0x000000061cc00000, 0x000000061d000000|  0%| F|  |TAMS 0x000000061cc00000| PB 0x000000061cc00000| Untracked |  0
|  96|0x000000061d000000, 0x000000061d000000, 0x000000061d400000|  0%| F|  |TAMS 0x000000061d000000| PB 0x000000061d000000| Untracked |  0
|  97|0x000000061d400000, 0x000000061d400000, 0x000000061d800000|  0%| F|  |TAMS 0x000000061d400000| PB 0x000000061d400000| Untracked |  0
|  98|0x000000061d800000, 0x000000061d800000, 0x000000061dc00000|  0%| F|  |TAMS 0x000000061d800000| PB 0x000000061d800000| Untracked |  0
|  99|0x000000061dc00000, 0x000000061dc00000, 0x000000061e000000|  0%| F|  |TAMS 0x000000061dc00000| PB 0x000000061dc00000| Untracked |  0
| 100|0x000000061e000000, 0x000000061e000000, 0x000000061e400000|  0%| F|  |TAMS 0x000000061e000000| PB 0x000000061e000000| Untracked |  0
| 101|0x000000061e400000, 0x000000061e400000, 0x000000061e800000|  0%| F|  |TAMS 0x000000061e400000| PB 0x000000061e400000| Untracked |  0
| 102|0x000000061e800000, 0x000000061e800000, 0x000000061ec00000|  0%| F|  |TAMS 0x000000061e800000| PB 0x000000061e800000| Untracked |  0
| 103|0x000000061ec00000, 0x000000061ec00000, 0x000000061f000000|  0%| F|  |TAMS 0x000000061ec00000| PB 0x000000061ec00000| Untracked |  0
| 104|0x000000061f000000, 0x000000061f000000, 0x000000061f400000|  0%| F|  |TAMS 0x000000061f000000| PB 0x000000061f000000| Untracked |  0
| 105|0x000000061f400000, 0x000000061f400000, 0x000000061f800000|  0%| F|  |TAMS 0x000000061f400000| PB 0x000000061f400000| Untracked |  0
| 106|0x000000061f800000, 0x000000061f800000, 0x000000061fc00000|  0%| F|  |TAMS 0x000000061f800000| PB 0x000000061f800000| Untracked |  0
| 107|0x000000061fc00000, 0x000000061fc00000, 0x0000000620000000|  0%| F|  |TAMS 0x000000061fc00000| PB 0x000000061fc00000| Untracked |  0
| 108|0x0000000620000000, 0x0000000620000000, 0x0000000620400000|  0%| F|  |TAMS 0x0000000620000000| PB 0x0000000620000000| Untracked |  0
| 109|0x0000000620400000, 0x0000000620400000, 0x0000000620800000|  0%| F|  |TAMS 0x0000000620400000| PB 0x0000000620400000| Untracked |  0
| 110|0x0000000620800000, 0x0000000620800000, 0x0000000620c00000|  0%| F|  |TAMS 0x0000000620800000| PB 0x0000000620800000| Untracked |  0
| 111|0x0000000620c00000, 0x0000000620c00000, 0x0000000621000000|  0%| F|  |TAMS 0x0000000620c00000| PB 0x0000000620c00000| Untracked |  0
| 112|0x0000000621000000, 0x0000000621000000, 0x0000000621400000|  0%| F|  |TAMS 0x0000000621000000| PB 0x0000000621000000| Untracked |  0
| 113|0x0000000621400000, 0x0000000621400000, 0x0000000621800000|  0%| F|  |TAMS 0x0000000621400000| PB 0x0000000621400000| Untracked |  0
| 114|0x0000000621800000, 0x0000000621800000, 0x0000000621c00000|  0%| F|  |TAMS 0x0000000621800000| PB 0x0000000621800000| Untracked |  0
| 115|0x0000000621c00000, 0x0000000621c00000, 0x0000000622000000|  0%| F|  |TAMS 0x0000000621c00000| PB 0x0000000621c00000| Untracked |  0
| 116|0x0000000622000000, 0x0000000622000000, 0x0000000622400000|  0%| F|  |TAMS 0x0000000622000000| PB 0x0000000622000000| Untracked |  0
| 117|0x0000000622400000, 0x0000000622400000, 0x0000000622800000|  0%| F|  |TAMS 0x0000000622400000| PB 0x0000000622400000| Untracked |  0
| 118|0x0000000622800000, 0x0000000622800000, 0x0000000622c00000|  0%| F|  |TAMS 0x0000000622800000| PB 0x0000000622800000| Untracked |  0
| 119|0x0000000622c00000, 0x0000000622c00000, 0x0000000623000000|  0%| F|  |TAMS 0x0000000622c00000| PB 0x0000000622c00000| Untracked |  0
| 120|0x0000000623000000, 0x0000000623000000, 0x0000000623400000|  0%| F|  |TAMS 0x0000000623000000| PB 0x0000000623000000| Untracked |  0
| 121|0x0000000623400000, 0x0000000623400000, 0x0000000623800000|  0%| F|  |TAMS 0x0000000623400000| PB 0x0000000623400000| Untracked |  0
| 122|0x0000000623800000, 0x0000000623800000, 0x0000000623c00000|  0%| F|  |TAMS 0x0000000623800000| PB 0x0000000623800000| Untracked |  0
| 123|0x0000000623c00000, 0x0000000623c00000, 0x0000000624000000|  0%| F|  |TAMS 0x0000000623c00000| PB 0x0000000623c00000| Untracked |  0
| 124|0x0000000624000000, 0x0000000624255a38, 0x0000000624400000| 58%| E|  |TAMS 0x0000000624000000| PB 0x0000000624000000| Complete |  0
| 125|0x0000000624400000, 0x0000000624800000, 0x0000000624800000|100%| E|  |TAMS 0x0000000624400000| PB 0x0000000624400000| Complete |  0
| 126|0x0000000624800000, 0x0000000624c00000, 0x0000000624c00000|100%| E|CS|TAMS 0x0000000624800000| PB 0x0000000624800000| Complete |  0

Card table byte_map: [0x00000287f6b80000,0x00000287f7b60000] _byte_map_base: 0x00000287f3b58000

Marking Bits: (CMBitMap*) 0x00000287dde29930
 Bits: [0x00000287f7b60000, 0x00000287ffa20000)

Polling page: 0x00000287dbca0000

Metaspace:

Usage:
  Non-class:      1.10 MB used.
      Class:     69.51 KB used.
       Both:      1.16 MB used.

Virtual space:
  Non-class space:       64.00 MB reserved,       1.19 MB (  2%) committed,  1 nodes.
      Class space:        1.00 GB reserved,     128.00 KB ( <1%) committed,  1 nodes.
             Both:        1.06 GB reserved,       1.31 MB ( <1%) committed. 

Chunk freelists:
   Non-Class:  11.72 MB
       Class:  15.73 MB
        Both:  27.45 MB

MaxMetaspaceSize: unlimited
CompressedClassSpaceSize: 1.00 GB
Initial GC threshold: 21.00 MB
Current GC threshold: 21.00 MB
CDS: on
 - commit_granule_bytes: 65536.
 - commit_granule_words: 8192.
 - virtual_space_node_default_size: 8388608.
 - enlarge_chunks_in_place: 1.
 - use_allocation_guard: 0.


Internal statistics:

num_allocs_failed_limit: 0.
num_arena_births: 24.
num_arena_deaths: 0.
num_vsnodes_births: 2.
num_vsnodes_deaths: 0.
num_space_committed: 21.
num_space_uncommitted: 0.
num_chunks_returned_to_freelist: 0.
num_chunks_taken_from_freelist: 37.
num_chunk_merges: 0.
num_chunk_splits: 27.
num_chunks_enlarged: 19.
num_inconsistent_stats: 0.

CodeHeap 'non-profiled nmethods': size=119168Kb used=140Kb max_used=140Kb free=119027Kb
 bounds [0x00000287edc90000, 0x00000287edf00000, 0x00000287f50f0000]
CodeHeap 'profiled nmethods': size=119104Kb used=578Kb max_used=578Kb free=118525Kb
 bounds [0x00000287e60f0000, 0x00000287e6360000, 0x00000287ed540000]
CodeHeap 'non-nmethods': size=7488Kb used=2602Kb max_used=2602Kb free=4885Kb
 bounds [0x00000287ed540000, 0x00000287ed7d0000, 0x00000287edc90000]
 total_blobs=1004 nmethods=445 adapters=462
 compilation: enabled
              stopped_count=0, restarted_count=0
 full_count=0

Compilation events (20 events):
Event: 0.197 Thread 0x00000287ffd03970  436       3       java.lang.String::lastIndexOf (12 bytes)
Event: 0.197 Thread 0x00000287ffd03970 nmethod 436 0x00000287e6179990 code [0x00000287e6179b80, 0x00000287e6179f78]
Event: 0.197 Thread 0x00000287ffd03970  433       3       java.util.jar.JarFile::getJarEntry (9 bytes)
Event: 0.197 Thread 0x00000287ffd06250 nmethod 430 0x00000287e617a110 code [0x00000287e617a400, 0x00000287e617b6f0]
Event: 0.197 Thread 0x00000287ffd03970 nmethod 433 0x00000287e617be90 code [0x00000287e617c080, 0x00000287e617c520]
Event: 0.197 Thread 0x00000287ffd06250  434       3       java.util.jar.JarFile::getEntry (35 bytes)
Event: 0.197 Thread 0x00000287ffd06920 nmethod 429 0x00000287e617c690 code [0x00000287e617c980, 0x00000287e617da98]
Event: 0.198 Thread 0x00000287ffd06250 nmethod 434 0x00000287e617e190 code [0x00000287e617e380, 0x00000287e617e7e8]
Event: 0.200 Thread 0x00000287ffd06250  437       3       jdk.internal.misc.Unsafe::allocateUninitializedArray0 (90 bytes)
Event: 0.200 Thread 0x00000287ffd06250 nmethod 437 0x00000287e617e990 code [0x00000287e617eba0, 0x00000287e617f478]
Event: 0.202 Thread 0x00000287ffd06250  438       3       java.lang.StringUTF16::compress (47 bytes)
Event: 0.202 Thread 0x00000287ffd06250 nmethod 438 0x00000287e617f590 code [0x00000287e617f740, 0x00000287e617f988]
Event: 0.218 Thread 0x00000287ffd06250  439       1       java.util.HashMap::size (5 bytes)
Event: 0.218 Thread 0x00000287ffd06250 nmethod 439 0x00000287edcb2690 code [0x00000287edcb2820, 0x00000287edcb28e8]
Event: 0.218 Thread 0x00000287ffd06920  440       3       java.lang.Enum::<init> (15 bytes)
Event: 0.218 Thread 0x00000287ffd06920 nmethod 440 0x00000287e617fb10 code [0x00000287e617fca0, 0x00000287e617fe70]
Event: 0.219 Thread 0x00000287ffd03970  442   !   3       java.io.WinNTFileSystem::isInvalid (78 bytes)
Event: 0.219 Thread 0x00000287ffd03970 nmethod 442 0x00000287e617ff10 code [0x00000287e61800c0, 0x00000287e6180318]
Event: 0.221 Thread 0x00000287ffd06920  444       3       java.lang.ref.WeakReference::<init> (7 bytes)
Event: 0.221 Thread 0x00000287ffd06920 nmethod 444 0x00000287e6180490 code [0x00000287e6180640, 0x00000287e6180920]

GC Heap History (0 events):
No events

Dll operation events (10 events):
Event: 0.008 Loaded shared library D:\CODE\Java\jdk22\bin\java.dll
Event: 0.030 Loaded shared library D:\CODE\Java\jdk22\bin\jsvml.dll
Event: 0.123 Loaded shared library D:\CODE\Java\jdk22\bin\zip.dll
Event: 0.127 Loaded shared library D:\CODE\Java\jdk22\bin\instrument.dll
Event: 0.130 Loaded shared library D:\CODE\Java\jdk22\bin\net.dll
Event: 0.132 Loaded shared library D:\CODE\Java\jdk22\bin\nio.dll
Event: 0.134 Loaded shared library D:\CODE\Java\jdk22\bin\zip.dll
Event: 0.199 Loaded shared library D:\CODE\Java\IDEA\IntelliJ IDEA 2023.1\bin\breakgen64.dll
Event: 0.217 Loaded shared library D:\CODE\Java\jdk22\bin\gdalalljni.dll
Event: 0.217 Loaded shared library D:\CODE\Java\jdk22\bin\extnet.dll

Deoptimization events (20 events):
Event: 0.141 Thread 0x00000287dddc0950 DEOPT PACKING pc=0x00000287e612a549 sp=0x0000008be0bfe990
Event: 0.141 Thread 0x00000287dddc0950 DEOPT UNPACKING pc=0x00000287ed594e42 sp=0x0000008be0bfde18 mode 0
Event: 0.142 Thread 0x00000287dddc0950 DEOPT PACKING pc=0x00000287e612a549 sp=0x0000008be0bfe310
Event: 0.142 Thread 0x00000287dddc0950 DEOPT UNPACKING pc=0x00000287ed594e42 sp=0x0000008be0bfd780 mode 0
Event: 0.142 Thread 0x00000287dddc0950 DEOPT PACKING pc=0x00000287e612a549 sp=0x0000008be0bfe310
Event: 0.142 Thread 0x00000287dddc0950 DEOPT UNPACKING pc=0x00000287ed594e42 sp=0x0000008be0bfd780 mode 0
Event: 0.148 Thread 0x00000287dddc0950 DEOPT PACKING pc=0x00000287e60fc0fc sp=0x0000008be0bfe670
Event: 0.148 Thread 0x00000287dddc0950 DEOPT UNPACKING pc=0x00000287ed594e42 sp=0x0000008be0bfda90 mode 0
Event: 0.154 Thread 0x00000287dddc0950 DEOPT PACKING pc=0x00000287e60f9fcc sp=0x0000008be0bfe2a0
Event: 0.154 Thread 0x00000287dddc0950 DEOPT UNPACKING pc=0x00000287ed594e42 sp=0x0000008be0bfd708 mode 0
Event: 0.175 Thread 0x00000287dddc0950 Uncommon trap: trap_request=0xffffff45 fr.pc=0x00000287edca3318 relative=0x0000000000000178
Event: 0.175 Thread 0x00000287dddc0950 Uncommon trap: reason=unstable_if action=reinterpret pc=0x00000287edca3318 method=java.lang.StringCoding.countPositives([BII)I @ 17 c2
Event: 0.175 Thread 0x00000287dddc0950 DEOPT PACKING pc=0x00000287edca3318 sp=0x0000008be0bfe8b0
Event: 0.175 Thread 0x00000287dddc0950 DEOPT UNPACKING pc=0x00000287ed5946a2 sp=0x0000008be0bfe838 mode 2
Event: 0.192 Thread 0x00000287dddc0950 Uncommon trap: trap_request=0xffffff45 fr.pc=0x00000287edca8dbc relative=0x000000000000017c
Event: 0.192 Thread 0x00000287dddc0950 Uncommon trap: reason=unstable_if action=reinterpret pc=0x00000287edca8dbc method=java.util.zip.ZipFile$Source.isMetaName([BII)Z @ 57 c2
Event: 0.192 Thread 0x00000287dddc0950 DEOPT PACKING pc=0x00000287edca8dbc sp=0x0000008be0bfe4c0
Event: 0.192 Thread 0x00000287dddc0950 DEOPT UNPACKING pc=0x00000287ed5946a2 sp=0x0000008be0bfe468 mode 2
Event: 0.204 Thread 0x00000287dddc0950 DEOPT PACKING pc=0x00000287e615b049 sp=0x0000008be0bfdb10
Event: 0.204 Thread 0x00000287dddc0950 DEOPT UNPACKING pc=0x00000287ed594e42 sp=0x0000008be0bfcf98 mode 0

Classes loaded (20 events):
Event: 0.219 Loading class sun/net/NetProperties$1
Event: 0.219 Loading class sun/net/NetProperties$1 done
Event: 0.220 Loading class sun/net/spi/DefaultProxySelector$NonProxyInfo
Event: 0.220 Loading class sun/net/spi/DefaultProxySelector$NonProxyInfo done
Event: 0.220 Loading class sun/net/spi/DefaultProxySelector$3
Event: 0.220 Loading class sun/net/spi/DefaultProxySelector$3 done
Event: 0.220 Loading class sun/net/NetHooks
Event: 0.220 Loading class sun/net/NetHooks done
Event: 0.220 Loading class sun/nio/ch/NativeThread
Event: 0.220 Loading class sun/nio/ch/NativeThread done
Event: 0.221 Loading class java/io/BufferedReader
Event: 0.221 Loading class java/io/BufferedReader done
Event: 0.221 Loading class java/net/Socket$SocketInputStream
Event: 0.221 Loading class java/net/Socket$SocketInputStream done
Event: 0.221 Loading class sun/nio/ch/NioSocketImpl$1
Event: 0.221 Loading class sun/nio/ch/NioSocketImpl$1 done
Event: 0.221 Loading class sun/nio/cs/StreamDecoder
Event: 0.221 Loading class sun/nio/cs/StreamDecoder done
Event: 0.221 Loading class sun/nio/cs/US_ASCII$Decoder
Event: 0.221 Loading class sun/nio/cs/US_ASCII$Decoder done

Classes unloaded (0 events):
No events

Classes redefined (0 events):
No events

Internal exceptions (3 events):
Event: 0.193 Thread 0x00000287dddc0950 Exception <a 'java/lang/NoSuchMethodError'{0x00000006240d5d70}: 'void java.lang.invoke.DirectMethodHandle$Holder.invokeStatic(java.lang.Object, java.lang.Object, java.lang.Object)'> (0x00000006240d5d70) 
thrown [s\open\src\hotspot\share\interpreter\linkResolver.cpp, line 774]
Event: 0.196 Thread 0x00000287dddc0950 Exception <a 'java/lang/NoSuchMethodError'{0x00000006240ed808}: 'java.lang.Object java.lang.invoke.Invokers$Holder.invokeExact_MT(java.lang.Object, java.lang.Object, java.lang.Object, java.lang.Object, java.lang.Object)'> (0x00000006240ed808) 
thrown [s\open\src\hotspot\share\interpreter\linkResolver.cpp, line 774]
Event: 0.218 Thread 0x00000287c471ba50 Exception <a 'java/lang/NoSuchMethodError'{0x00000006241c9af0}: 'void java.lang.invoke.DirectMethodHandle$Holder.invokeStatic(java.lang.Object, java.lang.Object)'> (0x00000006241c9af0) 
thrown [s\open\src\hotspot\share\interpreter\linkResolver.cpp, line 774]

ZGC Phase Switch (0 events):
No events

VM Operations (4 events):
Event: 0.114 Executing VM operation: HandshakeAllThreads (Deoptimize)
Event: 0.114 Executing VM operation: HandshakeAllThreads (Deoptimize) done
Event: 0.202 Executing VM operation: HandshakeAllThreads (Deoptimize)
Event: 0.202 Executing VM operation: HandshakeAllThreads (Deoptimize) done

Events (15 events):
Event: 0.017 Thread 0x00000287dddc0950 Thread added: 0x00000287dddc0950
Event: 0.028 Thread 0x00000287ffceb4c0 Thread added: 0x00000287ffceb4c0
Event: 0.028 Thread 0x00000287ffcf2040 Thread added: 0x00000287ffcf2040
Event: 0.028 Thread 0x00000287ffcf4ab0 Thread added: 0x00000287ffcf4ab0
Event: 0.028 Thread 0x00000287ffcf5510 Thread added: 0x00000287ffcf5510
Event: 0.028 Thread 0x00000287ffcf60a0 Thread added: 0x00000287ffcf60a0
Event: 0.028 Thread 0x00000287ffcf6c30 Thread added: 0x00000287ffcf6c30
Event: 0.028 Thread 0x00000287ffd00660 Thread added: 0x00000287ffd00660
Event: 0.029 Thread 0x00000287ffd06250 Thread added: 0x00000287ffd06250
Event: 0.030 Thread 0x00000287ffd06920 Thread added: 0x00000287ffd06920
Event: 0.110 Thread 0x00000287c41dbb50 Thread added: 0x00000287c41dbb50
Event: 0.119 Thread 0x00000287ffd032a0 Thread added: 0x00000287ffd032a0
Event: 0.136 Thread 0x00000287ffd03970 Thread added: 0x00000287ffd03970
Event: 0.199 Thread 0x00000287c471ba50 Thread added: 0x00000287c471ba50
Event: 0.199 Thread 0x00000287c471c0c0 Thread added: 0x00000287c471c0c0


Dynamic libraries:
0x00007ff7da870000 - 0x00007ff7da880000 	D:\CODE\Java\jdk22\bin\java.exe
0x00007ffaa8c40000 - 0x00007ffaa8ea8000 	C:\WINDOWS\SYSTEM32\ntdll.dll
0x00007ffaa7f00000 - 0x00007ffaa7fc9000 	C:\WINDOWS\System32\KERNEL32.DLL
0x00007ffaa5fc0000 - 0x00007ffaa63b8000 	C:\WINDOWS\System32\KERNELBASE.dll
0x00007ffaa6890000 - 0x00007ffaa69db000 	C:\WINDOWS\System32\ucrtbase.dll
0x00007ffa86ed0000 - 0x00007ffa86ee7000 	D:\CODE\Java\jdk22\bin\jli.dll
0x00007ffaa88e0000 - 0x00007ffaa8994000 	C:\WINDOWS\System32\ADVAPI32.dll
0x00007ffa86dd0000 - 0x00007ffa86deb000 	D:\CODE\Java\jdk22\bin\VCRUNTIME140.dll
0x00007ffaa79a0000 - 0x00007ffaa7a49000 	C:\WINDOWS\System32\msvcrt.dll
0x00007ffaa7490000 - 0x00007ffaa7536000 	C:\WINDOWS\System32\sechost.dll
0x00007ffaa7bc0000 - 0x00007ffaa7cd8000 	C:\WINDOWS\System32\RPCRT4.dll
0x00007ffaa69e0000 - 0x00007ffaa6ba7000 	C:\WINDOWS\System32\USER32.dll
0x00007ffaa6720000 - 0x00007ffaa6747000 	C:\WINDOWS\System32\win32u.dll
0x00007ffaa7970000 - 0x00007ffaa799b000 	C:\WINDOWS\System32\GDI32.dll
0x00007ffaa63c0000 - 0x00007ffaa64ec000 	C:\WINDOWS\System32\gdi32full.dll
0x00007ffaa5d90000 - 0x00007ffaa5e33000 	C:\WINDOWS\System32\msvcp_win.dll
0x00007ffa7c570000 - 0x00007ffa7c804000 	C:\WINDOWS\WinSxS\amd64_microsoft.windows.common-controls_6595b64144ccf1df_6.0.26100.7019_none_3e06ffa0e335b8a8\COMCTL32.dll
0x00007ffa9a470000 - 0x00007ffa9a47b000 	C:\WINDOWS\SYSTEM32\VERSION.dll
0x00007ffaa7850000 - 0x00007ffaa7881000 	C:\WINDOWS\System32\IMM32.DLL
0x00007ffa86da0000 - 0x00007ffa86dac000 	D:\CODE\Java\jdk22\bin\vcruntime140_1.dll
0x00007ffa5d390000 - 0x00007ffa5d41e000 	D:\CODE\Java\jdk22\bin\msvcp140.dll
0x00007ff9af410000 - 0x00007ff9b0157000 	D:\CODE\Java\jdk22\bin\server\jvm.dll
0x00007ffaa7570000 - 0x00007ffaa75e4000 	C:\WINDOWS\System32\WS2_32.dll
0x00007ffaa5540000 - 0x00007ffaa559e000 	C:\WINDOWS\SYSTEM32\POWRPROF.dll
0x00007ffa9b620000 - 0x00007ffa9b655000 	C:\WINDOWS\SYSTEM32\WINMM.dll
0x00007ffaa5520000 - 0x00007ffaa5534000 	C:\WINDOWS\SYSTEM32\UMPDC.dll
0x00007ffaa4b10000 - 0x00007ffaa4b2b000 	C:\WINDOWS\SYSTEM32\kernel.appcore.dll
0x00007ffa86cf0000 - 0x00007ffa86cfa000 	D:\CODE\Java\jdk22\bin\jimage.dll
0x00007ffaa32f0000 - 0x00007ffaa3532000 	C:\WINDOWS\SYSTEM32\DBGHELP.DLL
0x00007ffaa7fd0000 - 0x00007ffaa835b000 	C:\WINDOWS\System32\combase.dll
0x00007ffaa7890000 - 0x00007ffaa7967000 	C:\WINDOWS\System32\OLEAUT32.dll
0x00007ffa73f70000 - 0x00007ffa73fac000 	C:\WINDOWS\SYSTEM32\dbgcore.DLL
0x00007ffaa6750000 - 0x00007ffaa67f5000 	C:\WINDOWS\System32\bcryptPrimitives.dll
0x00007ffa8b230000 - 0x00007ffa8b23f000 	D:\CODE\Java\jdk22\bin\instrument.dll
0x00007ffa86980000 - 0x00007ffa8699e000 	D:\CODE\Java\jdk22\bin\java.dll
0x00007ffaa6cc0000 - 0x00007ffaa740f000 	C:\WINDOWS\System32\SHELL32.dll
0x00007ffaa65b0000 - 0x00007ffaa671b000 	C:\WINDOWS\System32\wintypes.dll
0x00007ffaa7ce0000 - 0x00007ffaa7e77000 	C:\WINDOWS\System32\ole32.dll
0x00007ffaa3950000 - 0x00007ffaa41ad000 	C:\WINDOWS\SYSTEM32\windows.storage.dll
0x00007ffaa7740000 - 0x00007ffaa7832000 	C:\WINDOWS\System32\SHCORE.dll
0x00007ffaa89a0000 - 0x00007ffaa8a07000 	C:\WINDOWS\System32\shlwapi.dll
0x00007ffaa5c70000 - 0x00007ffaa5c99000 	C:\WINDOWS\SYSTEM32\profapi.dll
0x00007ff9f99c0000 - 0x00007ff9f9a97000 	D:\CODE\Java\jdk22\bin\jsvml.dll
0x00007ffa86320000 - 0x00007ffa86337000 	D:\CODE\Java\jdk22\bin\zip.dll
0x00007ffa86970000 - 0x00007ffa86980000 	D:\CODE\Java\jdk22\bin\net.dll
0x00007ffaa5080000 - 0x00007ffaa50eb000 	C:\WINDOWS\system32\mswsock.dll
0x00007ffa863a0000 - 0x00007ffa863b6000 	D:\CODE\Java\jdk22\bin\nio.dll
0x00007ffa8b210000 - 0x00007ffa8b22a000 	D:\CODE\Java\IDEA\IntelliJ IDEA 2023.1\bin\breakgen64.dll
0x00007ff9d9180000 - 0x00007ff9d9231000 	D:\CODE\Java\jdk22\bin\gdalalljni.dll
0x00007ff9ad5c0000 - 0x00007ff9aeb84000 	D:\CODE\Java\jdk22\bin\gdal.dll
0x00007ffaa5e40000 - 0x00007ffaa5fb7000 	C:\WINDOWS\System32\CRYPT32.dll
0x00007ffa86660000 - 0x00007ffa86679000 	D:\CODE\Java\jdk22\bin\zlib.dll
0x00007ff9db8c0000 - 0x00007ff9db954000 	D:\CODE\Java\jdk22\bin\libcurl.dll
0x00007ff9c7770000 - 0x00007ff9c78d3000 	D:\CODE\Java\jdk22\bin\libxml2.dll
0x00007ff9b44e0000 - 0x00007ff9b461a000 	D:\CODE\Java\jdk22\bin\libssl-3-x64.dll
0x00007ff9ad0d0000 - 0x00007ff9ad5b4000 	D:\CODE\Java\jdk22\bin\libcrypto-3-x64.dll
0x00007ffaa75f0000 - 0x00007ffaa7665000 	C:\WINDOWS\System32\WLDAP32.dll
0x00007ff9c9e20000 - 0x00007ff9c9ed2000 	D:\CODE\Java\jdk22\bin\zstd.dll
0x00007ff9acd80000 - 0x00007ff9ad0ce000 	D:\CODE\Java\jdk22\bin\proj_9.dll
0x00007ff9acad0000 - 0x00007ff9acd7c000 	D:\CODE\Java\jdk22\bin\xerces-c_3_2.dll
0x00007ff9b0360000 - 0x00007ff9b04ac000 	D:\CODE\Java\jdk22\bin\tiff.dll
0x00007ffa86620000 - 0x00007ffa86655000 	D:\CODE\Java\jdk22\bin\libpng16.dll
0x00007ff9ac810000 - 0x00007ff9acad0000 	D:\CODE\Java\jdk22\bin\sqlite3.dll
0x0000000180000000 - 0x000000018004e000 	D:\CODE\Java\jdk22\bin\LIBPQ.dll
0x00007ff9d9120000 - 0x00007ff9d9171000 	D:\CODE\Java\jdk22\bin\openjp2.dll
0x00007ffa86600000 - 0x00007ffa86620000 	D:\CODE\Java\jdk22\bin\pcre.dll
0x00007ff9f4cf0000 - 0x00007ff9f4d1a000 	D:\CODE\Java\jdk22\bin\freexl.dll
0x00007ff9ac160000 - 0x00007ff9ac801000 	D:\CODE\Java\jdk22\bin\libmysql.dll
0x00007ff9aa130000 - 0x00007ff9aae25000 	D:\CODE\Java\jdk22\bin\spatialite.dll
0x00007ff9f4800000 - 0x00007ff9f482b000 	D:\CODE\Java\jdk22\bin\libexpat.dll
0x00007ff9c8ac0000 - 0x00007ff9c8b84000 	C:\WINDOWS\SYSTEM32\ODBC32.dll
0x00007ff9d27c0000 - 0x00007ff9d281c000 	D:\CODE\Java\jdk22\bin\geos_c.dll
0x00007ff9c6ee0000 - 0x00007ff9c6fdf000 	D:\CODE\Java\jdk22\bin\iconv-2.dll
0x00007ffa94e30000 - 0x00007ffa94e3a000 	C:\WINDOWS\SYSTEM32\WSOCK32.dll
0x00007ffaa1e50000 - 0x00007ffaa1e5d000 	C:\WINDOWS\SYSTEM32\Secur32.dll
0x00007ffaa4690000 - 0x00007ffaa47bc000 	C:\WINDOWS\SYSTEM32\DNSAPI.dll
0x00007ff9af230000 - 0x00007ff9af408000 	D:\CODE\Java\jdk22\bin\geos.dll
0x00007ffaa4db0000 - 0x00007ffaa4df9000 	C:\WINDOWS\SYSTEM32\SSPICLI.DLL
0x00007ffaa5a70000 - 0x00007ffaa5a7a000 	C:\WINDOWS\SYSTEM32\DPAPI.DLL
0x00007ffaa4650000 - 0x00007ffaa4684000 	C:\WINDOWS\SYSTEM32\IPHLPAPI.DLL
0x00007ffaa8bf0000 - 0x00007ffaa8bfa000 	C:\WINDOWS\System32\NSI.dll
0x00007ffa86880000 - 0x00007ffa86889000 	D:\CODE\Java\jdk22\bin\extnet.dll

dbghelp: loaded successfully - version: 4.0.5 - missing functions: none
symbol engine: initialized successfully - sym options: 0x614 - pdb path: .;D:\CODE\Java\jdk22\bin;C:\WINDOWS\SYSTEM32;C:\WINDOWS\WinSxS\amd64_microsoft.windows.common-controls_6595b64144ccf1df_6.0.26100.7019_none_3e06ffa0e335b8a8;D:\CODE\Java\jdk22\bin\server;D:\CODE\Java\IDEA\IntelliJ IDEA 2023.1\bin

VM Arguments:
jvm_args: -javaagent:D:\CODE\Java\IDEA\IntelliJ IDEA 2023.1\lib\idea_rt.jar=52154:D:\CODE\Java\IDEA\IntelliJ IDEA 2023.1\bin -Dfile.encoding=UTF-8 -Dsun.stdout.encoding=UTF-8 -Dsun.stderr.encoding=UTF-8 
java_command: com.example.lazarus_backend00.HelloGDAL
java_class_path (initial): D:\CODE\project\Lazarus\Lazarus-backend\Lazarus_backend00\target\test-classes;D:\CODE\project\Lazarus\Lazarus-backend\Lazarus_backend00\target\classes;C:\Users\xz\.m2\repository\org\springframework\boot\spring-boot-starter-jdbc\3.5.7\spring-boot-starter-jdbc-3.5.7.jar;C:\Users\xz\.m2\repository\org\springframework\boot\spring-boot-starter\3.5.7\spring-boot-starter-3.5.7.jar;C:\Users\xz\.m2\repository\org\springframework\boot\spring-boot\3.5.7\spring-boot-3.5.7.jar;C:\Users\xz\.m2\repository\org\springframework\boot\spring-boot-autoconfigure\3.5.7\spring-boot-autoconfigure-3.5.7.jar;C:\Users\xz\.m2\repository\org\springframework\boot\spring-boot-starter-logging\3.5.7\spring-boot-starter-logging-3.5.7.jar;C:\Users\xz\.m2\repository\ch\qos\logback\logback-classic\1.5.20\logback-classic-1.5.20.jar;C:\Users\xz\.m2\repository\ch\qos\logback\logback-core\1.5.20\logback-core-1.5.20.jar;C:\Users\xz\.m2\repository\org\apache\logging\log4j\log4j-to-slf4j\2.24.3\log4j-to-slf4j-2.24.3.jar;C:\Users\xz\.m2\repository\org\apache\logging\log4j\log4j-api\2.24.3\log4j-api-2.24.3.jar;C:\Users\xz\.m2\repository\org\slf4j\jul-to-slf4j\2.0.17\jul-to-slf4j-2.0.17.jar;C:\Users\xz\.m2\repository\jakarta\annotation\jakarta.annotation-api\2.1.1\jakarta.annotation-api-2.1.1.jar;C:\Users\xz\.m2\repository\org\yaml\snakeyaml\2.4\snakeyaml-2.4.jar;C:\Users\xz\.m2\repository\com\zaxxer\HikariCP\6.3.3\HikariCP-6.3.3.jar;C:\Users\xz\.m2\repository\org\slf4j\slf4j-api\2.0.17\slf4j-api-2.0.17.jar;C:\Users\xz\.m2\repository\org\springframework\spring-jdbc\6.2.12\spring-jdbc-6.2.12.jar;C:\Users\xz\.m2\repository\org\springframework\spring-beans\6.2.12\spring-beans-6.2.12.jar;C:\Users\xz\.m2\repository\org\springframework\spring-tx\6.2.12\spring-tx-6.2.12.jar;C:\Users\xz\.m2\repository\org\springframework\boot\spring-boot-starter-thymeleaf\3.5.7\spring-boot-starter-thymeleaf-3.5.7.jar;C:\Users\xz\.m2\repository\org\thymeleaf\thymeleaf-spring6\3.1.3.RELEASE\thymeleaf-spring6-3.1.3.RELEASE.jar;C:\Users\xz\.m2\repository\org\thymeleaf\thymeleaf\3.1.3.RELEASE\thymeleaf-3.1.3.RELEASE.jar;C:\Users\xz\.m2\repository\org\attoparser\attoparser\2.0.7.RELEASE\attoparser-2.0.7.RELEASE.jar;C:\Users\xz\.m2\repository\org\unbescape\unbescape\1.1.6.RELEASE\unbescape-1.1.6.RELEASE.jar;C:\Users\xz\.m2\repository\org\springframework\boot\spring-boot-starter-web\3.5.7\spring-boot-starter-web-3.5.7.jar;C:\Users\xz\.m2\repository\org\springframework\boot\spring-boot-starter-json\3.5.7\spring-boot-starter-json-3.5.7.jar;C:\Users\xz\.m2\repository\com\fasterxml\jackson\core\jackson-databind\2.19.2\jackson-databind-2.19.2.jar;C:\Users\xz\.m2\repository\com\fasterxml\jackson\core\jackson-annotations\2.19.2\jackson-annotations-2.19.2.jar;C:\Users\xz\.m2\repository\com\fasterxml\jackson\core\jackson-core\2.19.2\jackson-core-2.19.2.jar;C:\Users\xz\.m2\repository\com\fasterxml\jackson\datatype\jackson-datatype-jdk8\2.19.2\jackson-datatype-jdk8-2.19.2.jar;C:\Users\xz\.m2\repository\com\fasterxml\jackson\datatype\jackson-datatype-jsr310\2.19.2\jackson-datatype-jsr310-2.19.2.jar;C:\Users\xz\.m2\repository\com\fasterxml\jackson\module\jackson-module-parameter-names\2.19.2\jackson-module-parameter-names-2.19.2.jar;C:\Users\xz\.m2\repository\org\springframework\boot\spring-boot-starter-tomcat\3.5.7\spring-boot-starter-tomcat-3.5.7.jar;C:\Users\xz\.m2\repository\org\apache\tomcat\embed\tomcat-embed-core\10.1.48\tomcat-embed-core-10.1.48.jar;C:\Users\xz\.m2\repository\org\apache\tomcat\embed\tomcat-embed-el\10.1.48\tomcat-embed-el-10.1.48.jar;C:\Users\xz\.m2\repository\org\apache\tomcat\embed\tomcat-embed-websocket\10.1.48\tomcat-embed-websocket-10.1.48.jar;C:\Users\xz\.m2\repository\org\springframework\spring-web\6.2.12\spring-web-6.2.12.jar;C:\Users\xz\.m2\repository\io\micrometer\micrometer-observation\1.15.5\micrometer-observation-1.15.5.jar;C:\Users\xz\.m2\repository\io\micrometer\micrometer-commons\1.15.5\micrometer-commons-1.15.5.jar;C:\Users\xz\.m2\repository\org\springframework\spring-webmvc\6.2.12\spring-webmvc-6.2.12.jar;C:\Users\xz\.m2\repository\org\springframework\spring-aop\6.2.12\spring-aop-6.2.12.jar;C:\Users\xz\.m2\repository\org\springframework\spring-context\6.2.12\spring-context-6.2.12.jar;C:\Users\xz\.m2\repository\org\springframework\spring-expression\6.2.12\spring-expression-6.2.12.jar;C:\Users\xz\.m2\repository\org\postgresql\postgresql\42.7.8\postgresql-42.7.8.jar;C:\Users\xz\.m2\repository\org\checkerframework\checker-qual\3.49.5\checker-qual-3.49.5.jar;D:\CODE\project\Lazarus\Lazarus-backend\Lazarus_backend00\src\main\resources\gdal\gdal.jar;C:\Users\xz\.m2\repository\org\mybatis\spring\boot\mybatis-spring-boot-starter\3.0.3\mybatis-spring-boot-starter-3.0.3.jar;C:\Users\xz\.m2\repository\org\mybatis\spring\boot\mybatis-spring-boot-autoconfigure\3.0.3\mybatis-spring-boot-autoconfigure-3.0.3.jar;C:\Users\xz\.m2\repository\org\mybatis\mybatis\3.5.14\mybatis-3.5.14.jar;C:\Users\xz\.m2\repository\org\mybatis\mybatis-spring\3.0.3\mybatis-spring-3.0.3.jar;C:\Users\xz\.m2\repository\org\locationtech\jts\jts-core\1.19.0\jts-core-1.19.0.jar;C:\Users\xz\.m2\repository\org\projectlombok\lombok\1.18.42\lombok-1.18.42.jar;C:\Users\xz\.m2\repository\org\springframework\boot\spring-boot-starter-test\3.5.7\spring-boot-starter-test-3.5.7.jar;C:\Users\xz\.m2\repository\org\springframework\boot\spring-boot-test\3.5.7\spring-boot-test-3.5.7.jar;C:\Users\xz\.m2\repository\org\springframework\boot\spring-boot-test-autoconfigure\3.5.7\spring-boot-test-autoconfigure-3.5.7.jar;C:\Users\xz\.m2\repository\com\jayway\jsonpath\json-path\2.9.0\json-path-2.9.0.jar;C:\Users\xz\.m2\repository\jakarta\xml\bind\jakarta.xml.bind-api\4.0.4\jakarta.xml.bind-api-4.0.4.jar;C:\Users\xz\.m2\repository\jakarta\activation\jakarta.activation-api\2.1.4\jakarta.activation-api-2.1.4.jar;C:\Users\xz\.m2\repository\net\minidev\json-smart\2.5.2\json-smart-2.5.2.jar;C:\Users\xz\.m2\repository\net\minidev\accessors-smart\2.5.2\accessors-smart-2.5.2.jar;C:\Users\xz\.m2\repository\org\ow2\asm\asm\9.7.1\asm-9.7.1.jar;C:\Users\xz\.m2\repository\org\assertj\assertj-core\3.27.6\assertj-core-3.27.6.jar;C:\Users\xz\.m2\repository\net\bytebuddy\byte-buddy\1.17.8\byte-buddy-1.17.8.jar;C:\Users\xz\.m2\repository\org\awaitility\awaitility\4.2.2\awaitility-4.2.2.jar;C:\Users\xz\.m2\repository\org\hamcrest\hamcrest\3.0\hamcrest-3.0.jar;C:\Users\xz\.m2\repository\org\junit\jupiter\junit-jupiter\5.12.2\junit-jupiter-5.12.2.jar;C:\Users\xz\.m2\repository\org\junit\jupiter\junit-jupiter-api\5.12.2\junit-jupiter-api-5.12.2.jar;C:\Users\xz\.m2\repository\org\opentest4j\opentest4j\1.3.0\opentest4j-1.3.0.jar;C:\Users\xz\.m2\repository\org\junit\platform\junit-platform-commons\1.12.2\junit-platform-commons-1.12.2.jar;C:\Users\xz\.m2\repository\org\apiguardian\apiguardian-api\1.1.2\apiguardian-api-1.1.2.jar;C:\Users\xz\.m2\repository\org\junit\jupiter\junit-jupiter-params\5.12.2\junit-jupiter-params-5.12.2.jar;C:\Users\xz\.m2\repository\org\junit\jupiter\junit-jupiter-engine\5.12.2\junit-jupiter-engine-5.12.2.jar;C:\Users\xz\.m2\repository\org\junit\platform\junit-platform-engine\1.12.2\junit-platform-engine-1.12.2.jar;C:\Users\xz\.m2\repository\org\mockito\mockito-core\5.17.0\mockito-core-5.17.0.jar;C:\Users\xz\.m2\repository\net\bytebuddy\byte-buddy-agent\1.17.8\byte-buddy-agent-1.17.8.jar;C:\Users\xz\.m2\repository\org\objenesis\objenesis\3.3\objenesis-3.3.jar;C:\Users\xz\.m2\repository\org\mockito\mockito-junit-jupiter\5.17.0\mockito-junit-jupiter-5.17.0.jar;C:\Users\xz\.m2\repository\org\skyscreamer\jsonassert\1.5.3\jsonassert-1.5.3.jar;C:\Users\xz\.m2\repository\com\vaadin\external\google\android-json\0.0.20131108.vaadin1\android-json-0.0.20131108.vaadin1.jar;C:\Users\xz\.m2\repository\org\springframework\spring-core\6.2.12\spring-core-6.2.12.jar;C:\Users\xz\.m2\repository\org\springframework\spring-jcl\6.2.12\spring-jcl-6.2.12.jar;C:\Users\xz\.m2\repository\org\springframework\spring-test\6.2.12\spring-test-6.2.12.jar;C:\Users\xz\.m2\repository\org\xmlunit\xmlunit-core\2.10.4\xmlunit-core-2.10.4.jar;C:\Users\xz\.m2\repository\org\springframework\restdocs\spring-restdocs-mockmvc\3.0.5\spring-restdocs-mockmvc-3.0.5.jar;C:\Users\xz\.m2\repository\org\springframework\restdocs\spring-restdocs-core\3.0.5\spring-restdocs-core-3.0.5.jar;C:\Users\xz\.m2\repository\jakarta\servlet\jakarta.servlet-api\6.0.0\jakarta.servlet-api-6.0.0.jar;C:\Users\xz\.m2\repository\junit\junit\4.13.2\junit-4.13.2.jar;C:\Users\xz\.m2\repository\org\hamcrest\hamcrest-core\3.0\hamcrest-core-3.0.jar
Launcher Type: SUN_STANDARD

[Global flags]
     intx CICompilerCount                          = 12                                        {product} {ergonomic}
     uint ConcGCThreads                            = 4                                         {product} {ergonomic}
     uint G1ConcRefinementThreads                  = 15                                        {product} {ergonomic}
   size_t G1HeapRegionSize                         = 4194304                                   {product} {ergonomic}
   size_t InitialHeapSize                          = 532676608                                 {product} {ergonomic}
   size_t MarkStackSize                            = 4194304                                   {product} {ergonomic}
   size_t MaxHeapSize                              = 8506048512                                {product} {ergonomic}
   size_t MaxNewSize                               = 5100273664                                {product} {ergonomic}
   size_t MinHeapDeltaBytes                        = 4194304                                   {product} {ergonomic}
   size_t MinHeapSize                              = 8388608                                   {product} {ergonomic}
    uintx NonNMethodCodeHeapSize                   = 7602480                                {pd product} {ergonomic}
    uintx NonProfiledCodeHeapSize                  = 122027880                              {pd product} {ergonomic}
    uintx ProfiledCodeHeapSize                     = 122027880                              {pd product} {ergonomic}
    uintx ReservedCodeCacheSize                    = 251658240                              {pd product} {ergonomic}
     bool SegmentedCodeCache                       = true                                      {product} {ergonomic}
   size_t SoftMaxHeapSize                          = 8506048512                             {manageable} {ergonomic}
     bool UseCompressedOops                        = true                           {product lp64_product} {ergonomic}
     bool UseG1GC                                  = true                                      {product} {ergonomic}
     bool UseLargePagesIndividualAllocation        = false                                  {pd product} {ergonomic}

Logging:
Log output configuration:
 #0: stdout all=warning uptime,level,tags foldmultilines=false
 #1: stderr all=off uptime,level,tags foldmultilines=false

Environment Variables:
JAVA_HOME=D:\CODE\Java\jdk22
PATH=D:\CODE\Java\jdk22\bin;C:\Program Files\Common Files\Oracle\Java\javapath;D:\CODE\Cpp\OSG\3rdparty\bin;D:\CODE\Cpp\OSGinstalled\OSGscore\path\bin;C:\Program Files\NVIDIA GPU Computing Toolkit\CUDA\v12.4\bin;C:\Program Files\NVIDIA GPU Computing Toolkit\CUDA\v12.4\libnvvp;C:\windows\system32;C:\windows;C:\windows\System32\Wbem;C:\windows\System32\WindowsPowerShell\v1.0\;C:\windows\System32\OpenSSH\;C:\Program Files (x86)\NVIDIA Corporation\PhysX\Common;C:\WINDOWS\system32;C:\WINDOWS;C:\WINDOWS\System32\Wbem;C:\WINDOWS\System32\WindowsPowerShell\v1.0\;C:\WINDOWS\System32\OpenSSH\;D:\CODE\Cpp\mingw64\bin;D:\CODE\Cmake\cmake-3.27.6-windows-x86_64\cmake-3.27.6-windows-x86_64\bin;C:\Program Files\Microsoft SQL Server\150\Tools\Binn\;C:\Program Files\dotnet\;D:\CODE\Python\python\Python311\;D:\CODE\Python\python\Python311\Scripts\;C:\Program Files\NVIDIA Corporation\Nsight Compute 2024.1.0\;D:\CODE\node\nodejs\;D:\CODE\node\nodejs\node_global;D:\CODE\node\nodejs\node_cache;D:\git\Git\cmd;C:\Program Files\NVIDIA Corporation\NVIDIA app\NvDLISR;C:\Program Files\HP\HP One Agent;D:\CODE\Python\anconda\anconda3;D:\CODE\Python\anconda\anconda3\Scripts;D:\CODE\Python\anconda\anconda3\Library\bin;C:\Program Files (x86)\Windows Kits\10\Windows Performance Toolkit\;C:\WINDOWS\system32;C:\WINDOWS;C:\WINDOWS\System32\Wbem;C:\WINDOWS\System32\WindowsPowerShell\v1.0\;C:\WINDOWS\System32\OpenSSH\;D:\MYSQL\MySQL Server 8.0\bin;C:\Program Files\Common Files\Autodesk Shared\;C:\Users\xz\AppData\Local\Microsoft\WindowsApps;D:\CODE\Vscode\Microsoft VS Code\bin;D:\CODE\Python\pycharm\PyCharm Community Edition 2024.3.1\bin;;D:\CODE\Python\python\Python311;D:\CODE\Python\python\Python311\Scripts;C:\Users\xz\.dotnet\tools;C:\Users\xz\AppData\Roaming\npm;D:\CODE\Java\IDEA\IntelliJ IDEA 2023.1\bin;;D:\CODE\Python\Graphviz\bin;
USERNAME=xz
OS=Windows_NT
PROCESSOR_IDENTIFIER=Intel64 Family 6 Model 154 Stepping 3, GenuineIntel
TMP=C:\Users\xz\AppData\Local\Temp
TEMP=C:\Users\xz\AppData\Local\Temp




Periodic native trim disabled

---------------  S Y S T E M  ---------------

OS:
 Windows 11 , 64 bit Build 26100 (10.0.26100.7019)
OS uptime: 0 days 12:14 hours
Hyper-V role detected

CPU: total 20 (initial active 20) (10 cores per cpu, 2 threads per core) family 6 model 154 stepping 3 microcode 0x437, cx8, cmov, fxsr, ht, mmx, 3dnowpref, sse, sse2, sse3, ssse3, sse4.1, sse4.2, popcnt, lzcnt, tsc, tscinvbit, avx, avx2, aes, erms, clmul, bmi1, bmi2, adx, sha, fma, vzeroupper, clflush, clflushopt, clwb, hv, serialize, rdtscp, rdpid, fsrm, f16c, cet_ibt, cet_ss
Processor Information for processor 0
  Max Mhz: 2500, Current Mhz: 2500, Mhz Limit: 2500
Processor Information for processor 1
  Max Mhz: 2500, Current Mhz: 1532, Mhz Limit: 2500
Processor Information for processor 2
  Max Mhz: 2500, Current Mhz: 2500, Mhz Limit: 2500
Processor Information for processor 3
  Max Mhz: 2500, Current Mhz: 1532, Mhz Limit: 2500
Processor Information for processor 4
  Max Mhz: 2500, Current Mhz: 2500, Mhz Limit: 2500
Processor Information for processor 5
  Max Mhz: 2500, Current Mhz: 2500, Mhz Limit: 2500
Processor Information for processor 6
  Max Mhz: 2500, Current Mhz: 2500, Mhz Limit: 2500
Processor Information for processor 7
  Max Mhz: 2500, Current Mhz: 1532, Mhz Limit: 2500
Processor Information for processor 8
  Max Mhz: 2500, Current Mhz: 2500, Mhz Limit: 2500
Processor Information for processor 9
  Max Mhz: 2500, Current Mhz: 2500, Mhz Limit: 2500
Processor Information for processor 10
  Max Mhz: 2500, Current Mhz: 2500, Mhz Limit: 2500
Processor Information for processor 11
  Max Mhz: 2500, Current Mhz: 1532, Mhz Limit: 2500
Processor Information for processor 12
  Max Mhz: 2500, Current Mhz: 1527, Mhz Limit: 2500
Processor Information for processor 13
  Max Mhz: 2500, Current Mhz: 1527, Mhz Limit: 2500
Processor Information for processor 14
  Max Mhz: 2500, Current Mhz: 1527, Mhz Limit: 2500
Processor Information for processor 15
  Max Mhz: 2500, Current Mhz: 2500, Mhz Limit: 2500
Processor Information for processor 16
  Max Mhz: 2500, Current Mhz: 2500, Mhz Limit: 2500
Processor Information for processor 17
  Max Mhz: 2500, Current Mhz: 2500, Mhz Limit: 2500
Processor Information for processor 18
  Max Mhz: 2500, Current Mhz: 2500, Mhz Limit: 2500
Processor Information for processor 19
  Max Mhz: 2500, Current Mhz: 2500, Mhz Limit: 2500

Memory: 4k page, system-wide physical 32433M (13666M free)
TotalPageFile size 35121M (AvailPageFile size 10915M)
current process WorkingSet (physical memory assigned to process): 62M, peak: 62M
current process commit charge ("private bytes"): 632M, peak: 632M

vm_info: Java HotSpot(TM) 64-Bit Server VM (22.0.1+8-16) for windows-amd64 JRE (22.0.1+8-16), built on 2024-03-12T10:33:16Z by "mach5one" with MS VC++ 17.6 (VS2022)

END.
